This is pdfTeX, Version 3.141592653-2.6-1.40.22 (TeX Live 2022/dev/Debian) (preloaded format=pdflatex 2025.1.16)  16 JAN 2025 17:31
entering extended mode
 restricted \write18 enabled.
 %&-line parsing enabled.
**arith_no_incomplete_symbols_p.tex
(./arith_no_incomplete_symbols_p.tex
LaTeX2e <2021-11-15> patch level 1
L3 programming layer <2022-01-21>
(/usr/share/texlive/texmf-dist/tex/latex/base/article.cls
Document Class: article 2021/10/04 v1.4n Standard LaTeX document class
(/usr/share/texlive/texmf-dist/tex/latex/base/size12.clo
File: size12.clo 2021/10/04 v1.4n Standard LaTeX file (size option)
)
\c@part=\count185
\c@section=\count186
\c@subsection=\count187
\c@subsubsection=\count188
\c@paragraph=\count189
\c@subparagraph=\count190
\c@figure=\count191
\c@table=\count192
\abovecaptionskip=\skip47
\belowcaptionskip=\skip48
\bibindent=\dimen138
)
(../../../../principia-master/principia.sty

LaTeX Warning: You have requested package `../../../../principia-master/princip
ia',
               but the package provides `principia'.

Package: principia 2024/12/16 principia package version 3.0
(/usr/share/texlive/texmf-dist/tex/latex/amsfonts/amssymb.sty
Package: amssymb 2013/01/14 v3.01 AMS font symbols

(/usr/share/texlive/texmf-dist/tex/latex/amsfonts/amsfonts.sty
Package: amsfonts 2013/01/14 v3.01 Basic AMSFonts support
\@emptytoks=\toks16
\symAMSa=\mathgroup4
\symAMSb=\mathgroup5
LaTeX Font Info:    Redeclaring math symbol \hbar on input line 98.
LaTeX Font Info:    Overwriting math alphabet `\mathfrak' in version `bold'
(Font)                  U/euf/m/n --> U/euf/b/n on input line 106.
))
(/usr/share/texlive/texmf-dist/tex/latex/amsmath/amsmath.sty
Package: amsmath 2021/10/15 v2.17l AMS math features
\@mathmargin=\skip49

For additional information on amsmath, use the `?' option.
(/usr/share/texlive/texmf-dist/tex/latex/amsmath/amstext.sty
Package: amstext 2021/08/26 v2.01 AMS text

(/usr/share/texlive/texmf-dist/tex/latex/amsmath/amsgen.sty
File: amsgen.sty 1999/11/30 v2.0 generic functions
\@emptytoks=\toks17
\ex@=\dimen139
))
(/usr/share/texlive/texmf-dist/tex/latex/amsmath/amsbsy.sty
Package: amsbsy 1999/11/29 v1.2d Bold Symbols
\pmbraise@=\dimen140
)
(/usr/share/texlive/texmf-dist/tex/latex/amsmath/amsopn.sty
Package: amsopn 2021/08/26 v2.02 operator names
)
\inf@bad=\count193
LaTeX Info: Redefining \frac on input line 234.
\uproot@=\count194
\leftroot@=\count195
LaTeX Info: Redefining \overline on input line 399.
\classnum@=\count196
\DOTSCASE@=\count197
LaTeX Info: Redefining \ldots on input line 496.
LaTeX Info: Redefining \dots on input line 499.
LaTeX Info: Redefining \cdots on input line 620.
\Mathstrutbox@=\box50
\strutbox@=\box51
\big@size=\dimen141
LaTeX Font Info:    Redeclaring font encoding OML on input line 743.
LaTeX Font Info:    Redeclaring font encoding OMS on input line 744.
\macc@depth=\count198
\c@MaxMatrixCols=\count199
\dotsspace@=\muskip16
\c@parentequation=\count266
\dspbrk@lvl=\count267
\tag@help=\toks18
\row@=\count268
\column@=\count269
\maxfields@=\count270
\andhelp@=\toks19
\eqnshift@=\dimen142
\alignsep@=\dimen143
\tagshift@=\dimen144
\tagwidth@=\dimen145
\totwidth@=\dimen146
\lineht@=\dimen147
\@envbody=\toks20
\multlinegap=\skip50
\multlinetaggap=\skip51
\mathdisplay@stack=\toks21
LaTeX Info: Redefining \[ on input line 2938.
LaTeX Info: Redefining \] on input line 2939.
)
(/usr/share/texlive/texmf-dist/tex/latex/graphics/graphicx.sty
Package: graphicx 2021/09/16 v1.2d Enhanced LaTeX Graphics (DPC,SPQR)

(/usr/share/texlive/texmf-dist/tex/latex/graphics/keyval.sty
Package: keyval 2014/10/28 v1.15 key=value parser (DPC)
\KV@toks@=\toks22
)
(/usr/share/texlive/texmf-dist/tex/latex/graphics/graphics.sty
Package: graphics 2021/03/04 v1.4d Standard LaTeX Graphics (DPC,SPQR)

(/usr/share/texlive/texmf-dist/tex/latex/graphics/trig.sty
Package: trig 2021/08/11 v1.11 sin cos tan (DPC)
)
(/usr/share/texlive/texmf-dist/tex/latex/graphics-cfg/graphics.cfg
File: graphics.cfg 2016/06/04 v1.11 sample graphics configuration
)
Package graphics Info: Driver file: pdftex.def on input line 107.

(/usr/share/texlive/texmf-dist/tex/latex/graphics-def/pdftex.def
File: pdftex.def 2020/10/05 v1.2a Graphics/color driver for pdftex
))
\Gin@req@height=\dimen148
\Gin@req@width=\dimen149
)
(/usr/share/texlive/texmf-dist/tex/latex/psnfss/pifont.sty
Package: pifont 2020/03/25 PSNFSS-v9.3 Pi font support (SPQR) 
LaTeX Font Info:    Trying to load font information for U+pzd on input line 63.


(/usr/share/texlive/texmf-dist/tex/latex/psnfss/upzd.fd
File: upzd.fd 2001/06/04 font definitions for U/pzd.
)
LaTeX Font Info:    Trying to load font information for U+psy on input line 64.


(/usr/share/texlive/texmf-dist/tex/latex/psnfss/upsy.fd
File: upsy.fd 2001/06/04 font definitions for U/psy.
)))
(/usr/share/texlive/texmf-dist/tex/latex/preprint/fullpage.sty
Package: fullpage 1999/02/23 1.1 (PWD)
\FP@margin=\skip52
)
(/usr/share/texlive/texmf-dist/tex/latex/base/fontenc.sty
Package: fontenc 2021/04/29 v2.0v Standard LaTeX package
)
(/usr/share/texlive/texmf-dist/tex/latex/base/inputenc.sty
Package: inputenc 2021/02/14 v1.3d Input encoding file
\inpenc@prehook=\toks23
\inpenc@posthook=\toks24
)
(/usr/share/texlive/texmf-dist/tex/latex/setspace/setspace.sty
Package: setspace 2011/12/19 v6.7a set line spacing
)
(/usr/share/texlive/texmf-dist/tex/latex/hyperref/hyperref.sty
Package: hyperref 2021-06-07 v7.00m Hypertext links for LaTeX

(/usr/share/texlive/texmf-dist/tex/generic/ltxcmds/ltxcmds.sty
Package: ltxcmds 2020-05-10 v1.25 LaTeX kernel commands for general use (HO)
)
(/usr/share/texlive/texmf-dist/tex/generic/iftex/iftex.sty
Package: iftex 2020/03/06 v1.0d TeX engine tests
)
(/usr/share/texlive/texmf-dist/tex/generic/pdftexcmds/pdftexcmds.sty
Package: pdftexcmds 2020-06-27 v0.33 Utility functions of pdfTeX for LuaTeX (HO
)

(/usr/share/texlive/texmf-dist/tex/generic/infwarerr/infwarerr.sty
Package: infwarerr 2019/12/03 v1.5 Providing info/warning/error messages (HO)
)
Package pdftexcmds Info: \pdf@primitive is available.
Package pdftexcmds Info: \pdf@ifprimitive is available.
Package pdftexcmds Info: \pdfdraftmode found.
)
(/usr/share/texlive/texmf-dist/tex/generic/kvsetkeys/kvsetkeys.sty
Package: kvsetkeys 2019/12/15 v1.18 Key value parser (HO)
)
(/usr/share/texlive/texmf-dist/tex/generic/kvdefinekeys/kvdefinekeys.sty
Package: kvdefinekeys 2019-12-19 v1.6 Define keys (HO)
)
(/usr/share/texlive/texmf-dist/tex/generic/pdfescape/pdfescape.sty
Package: pdfescape 2019/12/09 v1.15 Implements pdfTeX's escape features (HO)
)
(/usr/share/texlive/texmf-dist/tex/latex/hycolor/hycolor.sty
Package: hycolor 2020-01-27 v1.10 Color options for hyperref/bookmark (HO)
)
(/usr/share/texlive/texmf-dist/tex/latex/letltxmacro/letltxmacro.sty
Package: letltxmacro 2019/12/03 v1.6 Let assignment for LaTeX macros (HO)
)
(/usr/share/texlive/texmf-dist/tex/latex/auxhook/auxhook.sty
Package: auxhook 2019-12-17 v1.6 Hooks for auxiliary files (HO)
)
(/usr/share/texlive/texmf-dist/tex/latex/kvoptions/kvoptions.sty
Package: kvoptions 2020-10-07 v3.14 Key value format for package options (HO)
)
\@linkdim=\dimen150
\Hy@linkcounter=\count271
\Hy@pagecounter=\count272

(/usr/share/texlive/texmf-dist/tex/latex/hyperref/pd1enc.def
File: pd1enc.def 2021-06-07 v7.00m Hyperref: PDFDocEncoding definition (HO)
Now handling font encoding PD1 ...
... no UTF-8 mapping file for font encoding PD1
)
(/usr/share/texlive/texmf-dist/tex/latex/hyperref/hyperref-langpatches.def
File: hyperref-langpatches.def 2021-06-07 v7.00m Hyperref: patches for babel la
nguages
)
(/usr/share/texlive/texmf-dist/tex/generic/intcalc/intcalc.sty
Package: intcalc 2019/12/15 v1.3 Expandable calculations with integers (HO)
)
(/usr/share/texlive/texmf-dist/tex/generic/etexcmds/etexcmds.sty
Package: etexcmds 2019/12/15 v1.7 Avoid name clashes with e-TeX commands (HO)
)
\Hy@SavedSpaceFactor=\count273

(/usr/share/texlive/texmf-dist/tex/latex/hyperref/puenc.def
File: puenc.def 2021-06-07 v7.00m Hyperref: PDF Unicode definition (HO)
Now handling font encoding PU ...
... no UTF-8 mapping file for font encoding PU
)
Package hyperref Info: Hyper figures OFF on input line 4192.
Package hyperref Info: Link nesting OFF on input line 4197.
Package hyperref Info: Hyper index ON on input line 4200.
Package hyperref Info: Plain pages OFF on input line 4207.
Package hyperref Info: Backreferencing OFF on input line 4212.
Package hyperref Info: Implicit mode ON; LaTeX internals redefined.
Package hyperref Info: Bookmarks ON on input line 4445.
\c@Hy@tempcnt=\count274

(/usr/share/texlive/texmf-dist/tex/latex/url/url.sty
\Urlmuskip=\muskip17
Package: url 2013/09/16  ver 3.4  Verb mode for urls, etc.
)
LaTeX Info: Redefining \url on input line 4804.
\XeTeXLinkMargin=\dimen151

(/usr/share/texlive/texmf-dist/tex/generic/bitset/bitset.sty
Package: bitset 2019/12/09 v1.3 Handle bit-vector datatype (HO)

(/usr/share/texlive/texmf-dist/tex/generic/bigintcalc/bigintcalc.sty
Package: bigintcalc 2019/12/15 v1.5 Expandable calculations on big integers (HO
)
))
\Fld@menulength=\count275
\Field@Width=\dimen152
\Fld@charsize=\dimen153
Package hyperref Info: Hyper figures OFF on input line 6076.
Package hyperref Info: Link nesting OFF on input line 6081.
Package hyperref Info: Hyper index ON on input line 6084.
Package hyperref Info: backreferencing OFF on input line 6091.
Package hyperref Info: Link coloring OFF on input line 6096.
Package hyperref Info: Link coloring with OCG OFF on input line 6101.
Package hyperref Info: PDF/A mode OFF on input line 6106.
LaTeX Info: Redefining \ref on input line 6146.
LaTeX Info: Redefining \pageref on input line 6150.

(/usr/share/texlive/texmf-dist/tex/latex/base/atbegshi-ltx.sty
Package: atbegshi-ltx 2021/01/10 v1.0c Emulation of the original atbegshi
package with kernel methods
)
\Hy@abspage=\count276
\c@Item=\count277
\c@Hfootnote=\count278
)
Package hyperref Info: Driver (autodetected): hpdftex.

(/usr/share/texlive/texmf-dist/tex/latex/hyperref/hpdftex.def
File: hpdftex.def 2021-06-07 v7.00m Hyperref driver for pdfTeX

(/usr/share/texlive/texmf-dist/tex/latex/base/atveryend-ltx.sty
Package: atveryend-ltx 2020/08/19 v1.0a Emulation of the original atveryend pac
kage
with kernel methods
)
\Fld@listcount=\count279
\c@bookmark@seq@number=\count280

(/usr/share/texlive/texmf-dist/tex/latex/rerunfilecheck/rerunfilecheck.sty
Package: rerunfilecheck 2019/12/05 v1.9 Rerun checks for auxiliary files (HO)

(/usr/share/texlive/texmf-dist/tex/generic/uniquecounter/uniquecounter.sty
Package: uniquecounter 2019/12/15 v1.4 Provide unlimited unique counter (HO)
)
Package uniquecounter Info: New unique counter `rerunfilecheck' on input line 2
86.
)
\Hy@SectionHShift=\skip53
)
(/usr/share/texlive/texmf-dist/tex/latex/graphics/color.sty
Package: color 2021/12/07 v1.3c Standard LaTeX Color (DPC)

(/usr/share/texlive/texmf-dist/tex/latex/graphics-cfg/color.cfg
File: color.cfg 2016/01/02 v1.6 sample color configuration
)
Package color Info: Driver file: pdftex.def on input line 149.
)
(/usr/share/texlive/texmf-dist/tex/latex/l3backend/l3backend-pdftex.def
File: l3backend-pdftex.def 2022-01-12 L3 backend support: PDF output (pdfTeX)
\l__color_backend_stack_int=\count281
\l__pdf_internal_box=\box52
)
(./arith_no_incomplete_symbols_p.aux)
\openout1 = `arith_no_incomplete_symbols_p.aux'.

LaTeX Font Info:    Checking defaults for OML/cmm/m/it on input line 14.
LaTeX Font Info:    ... okay on input line 14.
LaTeX Font Info:    Checking defaults for OMS/cmsy/m/n on input line 14.
LaTeX Font Info:    ... okay on input line 14.
LaTeX Font Info:    Checking defaults for OT1/cmr/m/n on input line 14.
LaTeX Font Info:    ... okay on input line 14.
LaTeX Font Info:    Checking defaults for T1/cmr/m/n on input line 14.
LaTeX Font Info:    ... okay on input line 14.
LaTeX Font Info:    Checking defaults for TS1/cmr/m/n on input line 14.
LaTeX Font Info:    ... okay on input line 14.
LaTeX Font Info:    Checking defaults for OMX/cmex/m/n on input line 14.
LaTeX Font Info:    ... okay on input line 14.
LaTeX Font Info:    Checking defaults for U/cmr/m/n on input line 14.
LaTeX Font Info:    ... okay on input line 14.
LaTeX Font Info:    Checking defaults for PD1/pdf/m/n on input line 14.
LaTeX Font Info:    ... okay on input line 14.
LaTeX Font Info:    Checking defaults for PU/pdf/m/n on input line 14.
LaTeX Font Info:    ... okay on input line 14.

(/usr/share/texlive/texmf-dist/tex/context/base/mkii/supp-pdf.mkii
[Loading MPS to PDF converter (version 2006.09.02).]
\scratchcounter=\count282
\scratchdimen=\dimen154
\scratchbox=\box53
\nofMPsegments=\count283
\nofMParguments=\count284
\everyMPshowfont=\toks25
\MPscratchCnt=\count285
\MPscratchDim=\dimen155
\MPnumerator=\count286
\makeMPintoPDFobject=\count287
\everyMPtoPDFconversion=\toks26
) (/usr/share/texlive/texmf-dist/tex/latex/epstopdf-pkg/epstopdf-base.sty
Package: epstopdf-base 2020-01-24 v2.11 Base part for package epstopdf
Package epstopdf-base Info: Redefining graphics rule for `.eps' on input line 4
85.

(/usr/share/texlive/texmf-dist/tex/latex/latexconfig/epstopdf-sys.cfg
File: epstopdf-sys.cfg 2010/07/13 v1.3 Configuration of (r)epstopdf for TeX Liv
e
))
Package hyperref Info: Link coloring OFF on input line 14.

(/usr/share/texlive/texmf-dist/tex/latex/hyperref/nameref.sty
Package: nameref 2021-04-02 v2.47 Cross-referencing by name of section

(/usr/share/texlive/texmf-dist/tex/latex/refcount/refcount.sty
Package: refcount 2019/12/15 v3.6 Data extraction from label references (HO)
)
(/usr/share/texlive/texmf-dist/tex/generic/gettitlestring/gettitlestring.sty
Package: gettitlestring 2019/12/15 v1.6 Cleanup title references (HO)
)
\c@section@level=\count288
)
LaTeX Info: Redefining \ref on input line 14.
LaTeX Info: Redefining \pageref on input line 14.
LaTeX Info: Redefining \nameref on input line 14.

(./arith_no_incomplete_symbols_p.out) (./arith_no_incomplete_symbols_p.out)
\@outlinefile=\write3
\openout3 = `arith_no_incomplete_symbols_p.out'.

LaTeX Font Info:    Trying to load font information for U+msa on input line 19.


(/usr/share/texlive/texmf-dist/tex/latex/amsfonts/umsa.fd
File: umsa.fd 2013/01/14 v3.01 AMS symbols A
)
LaTeX Font Info:    Trying to load font information for U+msb on input line 19.


(/usr/share/texlive/texmf-dist/tex/latex/amsfonts/umsb.fd
File: umsb.fd 2013/01/14 v3.01 AMS symbols B
) [1

{/var/lib/texmf/fonts/map/pdftex/updmap/pdftex.map}] [2] [3] [4] [5] [6]
Overfull \hbox (24.64236pt too wide) in paragraph at lines 460--461
[]$[]\OT1/cmr/m/n/12 403[]2[] (([]\OML/cmm/m/it/12 x; y\OT1/cmr/m/n/12 )\OML/cm
m/m/it/12 qqqq\OT1/cmr/m/n/12 [\OML/cmm/m/it/12 bbbb; russell; now; x; y\OT1/cm
r/m/n/12 ]) \OMS/cmsy/m/n/12 ^ \OT1/cmr/m/n/12 (\OML/cmm/m/it/12 qqqq\OT1/cmr/m
/n/12 [\OML/cmm/m/it/12 pob; x\OT1/cmr/m/n/12 ]) \OMS/cmsy/m/n/12 ^ \OT1/cmr/m/
n/12 (\OML/cmm/m/it/12 qqqq\OT1/cmr/m/n/12 [\OML/cmm/m/it/12 pos; y\OT1/cmr/m/n
/12 ]) \OMS/cmsy/m/n/12 ^ \OT1/cmr/m/n/12 ((\OML/cmm/m/it/12 w\OT1/cmr/m/n/12 )
\OML/cmm/m/it/12 qqqq\OT1/cmr/m/n/12 [\OML/cmm/m/it/12 pob; w\OT1/cmr/m/n/12 ] 
[]
 []


Overfull \hbox (231.65027pt too wide) in paragraph at lines 465--466
[]$[]\OT1/cmr/m/n/12 403[]2[] \OML/cmm/m/it/12 KKKK\OT1/cmr/m/n/12 ([]\OML/cmm/
m/it/12 x; y\OT1/cmr/m/n/12 )\OML/cmm/m/it/12 qqqq\OT1/cmr/m/n/12 [\OML/cmm/m/i
t/12 bbbb; russell; now; x; y\OT1/cmr/m/n/12 ]\OML/cmm/m/it/12 qqqq\OT1/cmr/m/n
/12 [\OML/cmm/m/it/12 pob; x\OT1/cmr/m/n/12 ]\OML/cmm/m/it/12 qqqq\OT1/cmr/m/n/
12 [\OML/cmm/m/it/12 pos; y\OT1/cmr/m/n/12 ]\OML/cmm/m/it/12 C\OT1/cmr/m/n/12 (
\OML/cmm/m/it/12 w\OT1/cmr/m/n/12 )\OML/cmm/m/it/12 qqqq\OT1/cmr/m/n/12 [\OML/c
mm/m/it/12 pob; w\OT1/cmr/m/n/12 ]\OML/cmm/m/it/12 qqqq\OT1/cmr/m/n/12 [\OML/cm
m/m/it/12 ID; w; x\OT1/cmr/m/n/12 ]\OML/cmm/m/it/12 C\OT1/cmr/m/n/12 (\OML/cmm/
m/it/12 z\OT1/cmr/m/n/12 )\OML/cmm/m/it/12 qqqq\OT1/cmr/m/n/12 [\OML/cmm/m/it/1
2 pos; z\OT1/cmr/m/n/12 ]\OML/cmm/m/it/12 qqqq\OT1/cmr/m/n/12 [\OML/cmm/m/it/12
 ID; z; y\OT1/cmr/m/n/12 ]$ 
 []

[7]
Overfull \hbox (74.36606pt too wide) in paragraph at lines 545--546
[]$[]\OT1/cmr/m/n/12 404[]7[] [] \OML/cmm/m/it/12 qqqq\OT1/cmr/m/n/12 [\OML/cmm
/m/it/12 bbbb; tom; now; tiob; tios\OT1/cmr/m/n/12 ] [] ([]\OML/cmm/m/it/12 x\O
T1/cmr/m/n/12 )\OML/cmm/m/it/12 qqqq\OT1/cmr/m/n/12 [\OML/cmm/m/it/12 ssss; tom
; now; tiob; x\OT1/cmr/m/n/12 ] [] ([]\OML/cmm/m/it/12 y\OT1/cmr/m/n/12 )\OML/c
mm/m/it/12 qqqq\OT1/cmr/m/n/12 [\OML/cmm/m/it/12 ssss; tom; now; tios; y\OT1/cm
r/m/n/12 ] []
 []


Overfull \hbox (117.58397pt too wide) in paragraph at lines 551--552
[]$[]\OT1/cmr/m/n/12 404[]7[] (\OML/cmm/m/it/12 qqqq\OT1/cmr/m/n/12 [\OML/cmm/m
/it/12 bbbb; tom; now; tiob; tios\OT1/cmr/m/n/12 ]) \OMS/cmsy/m/n/12 ^ \OT1/cmr
/m/n/12 (([]\OML/cmm/m/it/12 x\OT1/cmr/m/n/12 )\OML/cmm/m/it/12 qqqq\OT1/cmr/m/
n/12 [\OML/cmm/m/it/12 ssss; tom; now; tiob; x\OT1/cmr/m/n/12 ]) \OMS/cmsy/m/n/
12 ^ \OT1/cmr/m/n/12 (([]\OML/cmm/m/it/12 y\OT1/cmr/m/n/12 )\OML/cmm/m/it/12 qq
qq\OT1/cmr/m/n/12 [\OML/cmm/m/it/12 ssss; tom; now; tios; y\OT1/cmr/m/n/12 ]) \
OMS/cmsy/m/n/12 ^
 []


Overfull \hbox (145.93141pt too wide) in paragraph at lines 556--557
[]$[]\OT1/cmr/m/n/12 404[]7[] \OML/cmm/m/it/12 KKKqqqq\OT1/cmr/m/n/12 [\OML/cmm
/m/it/12 bbbb; tom; now; tiob; tios\OT1/cmr/m/n/12 ]([]\OML/cmm/m/it/12 x\OT1/c
mr/m/n/12 )\OML/cmm/m/it/12 qqqq\OT1/cmr/m/n/12 [\OML/cmm/m/it/12 ssss; tom; no
w; tiob; x\OT1/cmr/m/n/12 ]([]\OML/cmm/m/it/12 y\OT1/cmr/m/n/12 )\OML/cmm/m/it/
12 qqqq\OT1/cmr/m/n/12 [\OML/cmm/m/it/12 ssss; tom; now; tios; y\OT1/cmr/m/n/12
 ]\OML/cmm/m/it/12 qqqq\OT1/cmr/m/n/12 [\OML/cmm/m/it/12 x; y\OT1/cmr/m/n/12 ]$
 
 []


Overfull \hbox (110.11829pt too wide) in paragraph at lines 566--567
[]$[]\OT1/cmr/m/n/12 404[]8[] [] \OML/cmm/m/it/12 qqqq\OT1/cmr/m/n/12 [\OML/cmm
/m/it/12 bbbb; tom; now; tiob; tios\OT1/cmr/m/n/12 ] [] ([]\OML/cmm/m/it/12 x\O
T1/cmr/m/n/12 )\OML/cmm/m/it/12 qqqq\OT1/cmr/m/n/12 [\OML/cmm/m/it/12 cnvrrrr; 
tom; now; tiob; x\OT1/cmr/m/n/12 ] [] ([]\OML/cmm/m/it/12 y\OT1/cmr/m/n/12 )\OM
L/cmm/m/it/12 qqqq\OT1/cmr/m/n/12 [\OML/cmm/m/it/12 cnvrrrr; tom; now; tios; y\
OT1/cmr/m/n/12 ] []
 []


Overfull \hbox (153.3362pt too wide) in paragraph at lines 572--573
[]$[]\OT1/cmr/m/n/12 404[]8[] (\OML/cmm/m/it/12 qqqq\OT1/cmr/m/n/12 [\OML/cmm/m
/it/12 bbbb; tom; now; tiob; tios\OT1/cmr/m/n/12 ]) \OMS/cmsy/m/n/12 ^ \OT1/cmr
/m/n/12 (([]\OML/cmm/m/it/12 x\OT1/cmr/m/n/12 )\OML/cmm/m/it/12 qqqq\OT1/cmr/m/
n/12 [\OML/cmm/m/it/12 cnvrrrr; tom; now; tiob; x\OT1/cmr/m/n/12 ]) \OMS/cmsy/m
/n/12 ^ \OT1/cmr/m/n/12 (([]\OML/cmm/m/it/12 y\OT1/cmr/m/n/12 )\OML/cmm/m/it/12
 qqqq\OT1/cmr/m/n/12 [\OML/cmm/m/it/12 cnvrrrr; tom; now; tios; y\OT1/cmr/m/n/1
2 ]) \OMS/cmsy/m/n/12 ^
 []

[8]
Overfull \hbox (262.42578pt too wide) in paragraph at lines 577--578
[]$[]\OT1/cmr/m/n/12 404[]8[] \OML/cmm/m/it/12 KKKqqqq\OT1/cmr/m/n/12 [\OML/cmm
/m/it/12 bbbb; tom; now; tiob; tios\OT1/cmr/m/n/12 ]([]\OML/cmm/m/it/12 x\OT1/c
mr/m/n/12 )\OML/cmm/m/it/12 qqqq\OT1/cmr/m/n/12 [\OML/cmm/m/it/12 cnvrrrr; tom;
 now; tiob; x\OT1/cmr/m/n/12 ]([]\OML/cmm/m/it/12 y\OT1/cmr/m/n/12 )\OML/cmm/m/
it/12 qqqq\OT1/cmr/m/n/12 [\OML/cmm/m/it/12 cnvrrrr; tom; now; tios; y\OT1/cmr/
m/n/12 ]\OML/cmm/m/it/12 qqqq\OT1/cmr/m/n/12 [\OML/cmm/m/it/12 says; tom; now; 
x; y\OT1/cmr/m/n/12 ]$ 
 []


Overfull \hbox (115.24323pt too wide) in paragraph at lines 582--583
[]$[]\OT1/cmr/m/n/12 404[]9[] [] \OML/cmm/m/it/12 qqqq\OT1/cmr/m/n/12 [\OML/cmm
/m/it/12 bbbb; tom; now; tiob; tios\OT1/cmr/m/n/12 ] [] ([]\OML/cmm/m/it/12 w\O
T1/cmr/m/n/12 )\OML/cmm/m/it/12 qqqq\OT1/cmr/m/n/12 [\OML/cmm/m/it/12 cnvrrrr; 
tom; now; tiob; w\OT1/cmr/m/n/12 ] [] ([]\OML/cmm/m/it/12 x\OT1/cmr/m/n/12 )\OM
L/cmm/m/it/12 qqqq\OT1/cmr/m/n/12 [\OML/cmm/m/it/12 cnvrrrr; tom; now; tios; x\
OT1/cmr/m/n/12 ] []
 []


Overfull \hbox (158.46114pt too wide) in paragraph at lines 588--589
[]$[]\OT1/cmr/m/n/12 404[]9[] (\OML/cmm/m/it/12 qqqq\OT1/cmr/m/n/12 [\OML/cmm/m
/it/12 bbbb; tom; now; tiob; tios\OT1/cmr/m/n/12 ]) \OMS/cmsy/m/n/12 ^ \OT1/cmr
/m/n/12 (([]\OML/cmm/m/it/12 w\OT1/cmr/m/n/12 )\OML/cmm/m/it/12 qqqq\OT1/cmr/m/
n/12 [\OML/cmm/m/it/12 cnvrrrr; tom; now; tiob; w\OT1/cmr/m/n/12 ]) \OMS/cmsy/m
/n/12 ^ \OT1/cmr/m/n/12 (([]\OML/cmm/m/it/12 x\OT1/cmr/m/n/12 )\OML/cmm/m/it/12
 qqqq\OT1/cmr/m/n/12 [\OML/cmm/m/it/12 cnvrrrr; tom; now; tios; x\OT1/cmr/m/n/1
2 ]) \OMS/cmsy/m/n/12 ^
 []


Overfull \hbox (35.89644pt too wide) in paragraph at lines 588--589
\OT1/cmr/m/n/12 (\OML/cmm/m/it/12 qqqq\OT1/cmr/m/n/12 [\OML/cmm/m/it/12 says; t
om; now; x; y\OT1/cmr/m/n/12 ]) \OMS/cmsy/m/n/12 ^ \OT1/cmr/m/n/12 (([]\OML/cmm
/m/it/12 y\OT1/cmr/m/n/12 )\OML/cmm/m/it/12 qqqq\OT1/cmr/m/n/12 [\OML/cmm/m/it/
12 ssss; tom; now; tiob; y\OT1/cmr/m/n/12 ]) \OMS/cmsy/m/n/12 ^ \OT1/cmr/m/n/12
 (([]\OML/cmm/m/it/12 z\OT1/cmr/m/n/12 )\OML/cmm/m/it/12 qqqq\OT1/cmr/m/n/12 [\
OML/cmm/m/it/12 ssss; tom; now; tios; z\OT1/cmr/m/n/12 ]) \OMS/cmsy/m/n/12 ^
 []


Overfull \hbox (672.93431pt too wide) in paragraph at lines 593--594
[]$[]\OT1/cmr/m/n/12 404[]9[] \OML/cmm/m/it/12 KKKKKKqqqq\OT1/cmr/m/n/12 [\OML/
cmm/m/it/12 bbbb; tom; now; tiob; tios\OT1/cmr/m/n/12 ]([]\OML/cmm/m/it/12 w\OT
1/cmr/m/n/12 )\OML/cmm/m/it/12 qqqq\OT1/cmr/m/n/12 [\OML/cmm/m/it/12 cnvrrrr; t
om; now; tiob; w\OT1/cmr/m/n/12 ]([]\OML/cmm/m/it/12 x\OT1/cmr/m/n/12 )\OML/cmm
/m/it/12 qqqq\OT1/cmr/m/n/12 [\OML/cmm/m/it/12 cnvrrrr; tom; now; tios; x\OT1/c
mr/m/n/12 ]\OML/cmm/m/it/12 qqqq\OT1/cmr/m/n/12 [\OML/cmm/m/it/12 says; tom; no
w; x; y\OT1/cmr/m/n/12 ]([]\OML/cmm/m/it/12 y\OT1/cmr/m/n/12 )\OML/cmm/m/it/12 
qqqq\OT1/cmr/m/n/12 [\OML/cmm/m/it/12 ssss; tom; now; tiob; y\OT1/cmr/m/n/12 ](
[]\OML/cmm/m/it/12 z\OT1/cmr/m/n/12 )\OML/cmm/m/it/12 qqqq\OT1/cmr/m/n/12 [\OML
/cmm/m/it/12 ssss; tom; now; tios; z\OT1/cmr/m/n/12 ]\OML/cmm/m/it/12 qqqq\OT1/
cmr/m/n/12 [\OML/cmm/m/it/12 y; z\OT1/cmr/m/n/12 ]$ 
 []

[9] [10]
Overfull \hbox (0.37335pt too wide) in paragraph at lines 730--731
[]$[]\OT1/cmr/m/n/12 407[]10[] [] (\OML/cmm/m/it/12 W; X; Y; Z\OT1/cmr/m/n/12 )
\OML/cmm/m/it/12 qqqq\OT1/cmr/m/n/12 [\OML/cmm/m/it/12 instnatural; W\OT1/cmr/m
/n/12 ] [] \OML/cmm/m/it/12 qqqq\OT1/cmr/m/n/12 [\OML/cmm/m/it/12 instnatural; 
X\OT1/cmr/m/n/12 ] [] \OML/cmm/m/it/12 qqqq\OT1/cmr/m/n/12 [\OML/cmm/m/it/12 in
stssum; Y; W; X\OT1/cmr/m/n/12 ] []
 []


Overfull \hbox (48.16066pt too wide) in paragraph at lines 736--737
[]$[]\OT1/cmr/m/n/12 407[]10[] (((\OML/cmm/m/it/12 W; X; Y; Z\OT1/cmr/m/n/12 )\
OML/cmm/m/it/12 qqqq\OT1/cmr/m/n/12 [\OML/cmm/m/it/12 instnatural; W\OT1/cmr/m/
n/12 ]) \OMS/cmsy/m/n/12 ^ \OT1/cmr/m/n/12 (\OML/cmm/m/it/12 qqqq\OT1/cmr/m/n/1
2 [\OML/cmm/m/it/12 instnatural; X\OT1/cmr/m/n/12 ]) \OMS/cmsy/m/n/12 ^ \OT1/cm
r/m/n/12 (\OML/cmm/m/it/12 qqqq\OT1/cmr/m/n/12 [\OML/cmm/m/it/12 instssum; Y; W
; X\OT1/cmr/m/n/12 ]) \OMS/cmsy/m/n/12 ^
 []


Overfull \hbox (302.63274pt too wide) in paragraph at lines 741--742
[]$[]\OT1/cmr/m/n/12 407[]10[] \OML/cmm/m/it/12 CKKK\OT1/cmr/m/n/12 (\OML/cmm/m
/it/12 W; X; Y; Z\OT1/cmr/m/n/12 )\OML/cmm/m/it/12 qqqq\OT1/cmr/m/n/12 [\OML/cm
m/m/it/12 instnatural; W\OT1/cmr/m/n/12 ]\OML/cmm/m/it/12 qqqq\OT1/cmr/m/n/12 [
\OML/cmm/m/it/12 instnatural; X\OT1/cmr/m/n/12 ]\OML/cmm/m/it/12 qqqq\OT1/cmr/m
/n/12 [\OML/cmm/m/it/12 instssum; Y; W; X\OT1/cmr/m/n/12 ]\OML/cmm/m/it/12 qqqq
\OT1/cmr/m/n/12 [\OML/cmm/m/it/12 instsum; Z; X; W\OT1/cmr/m/n/12 ]\OML/cmm/m/i
t/12 qqqq\OT1/cmr/m/n/12 [\OML/cmm/m/it/12 instssamenatural; Y; Z\OT1/cmr/m/n/1
2 ]$ 
 []

[11]
Overfull \hbox (43.63692pt too wide) in paragraph at lines 790--791
[]$[]\OT1/cmr/m/n/12 407[]13[] \OML/cmm/m/it/12 qqqq\OT1/cmr/m/n/12 [\OML/cmm/m
/it/12 onetoone; R\OT1/cmr/m/n/12 ] [] ((\OML/cmm/m/it/12 qqqq\OT1/cmr/m/n/12 [
\OML/cmm/m/it/12 function; R\OT1/cmr/m/n/12 ]) \OMS/cmsy/m/n/12 ^ \OT1/cmr/m/n/
12 (\OML/cmm/m/it/12 qqqq\OT1/cmr/m/n/12 [\OML/cmm/m/it/12 lfunction; R\OT1/cmr
/m/n/12 ])) \OMS/cmsy/m/n/12 ^ \OT1/cmr/m/n/12 (((\OML/cmm/m/it/12 x\OT1/cmr/m/
n/12 )([]\OML/cmm/m/it/12 y\OT1/cmr/m/n/12 )\OML/cmm/m/it/12 qqqq\OT1/cmr/m/n/1
2 [\OML/cmm/m/it/12 R; x; y\OT1/cmr/m/n/12 ]) \OMS/cmsy/m/n/12 ^
 []


Overfull \hbox (220.76076pt too wide) in paragraph at lines 795--796
[]$[]\OT1/cmr/m/n/12 407[]13[] \OML/cmm/m/it/12 qqqq\OT1/cmr/m/n/12 [\OML/cmm/m
/it/12 onetoone; R\OT1/cmr/m/n/12 ] [] \OML/cmm/m/it/12 AKKqqqq\OT1/cmr/m/n/12 
[\OML/cmm/m/it/12 function; R\OT1/cmr/m/n/12 ]\OML/cmm/m/it/12 qqqq\OT1/cmr/m/n
/12 [\OML/cmm/m/it/12 lfunction; R\OT1/cmr/m/n/12 ]\OML/cmm/m/it/12 K\OT1/cmr/m
/n/12 (\OML/cmm/m/it/12 x\OT1/cmr/m/n/12 )([]\OML/cmm/m/it/12 y\OT1/cmr/m/n/12 
)\OML/cmm/m/it/12 qqqq\OT1/cmr/m/n/12 [\OML/cmm/m/it/12 R; x; y\OT1/cmr/m/n/12 
](\OML/cmm/m/it/12 x\OT1/cmr/m/n/12 )([]\OML/cmm/m/it/12 y\OT1/cmr/m/n/12 )\OML
/cmm/m/it/12 qqqq\OT1/cmr/m/n/12 [\OML/cmm/m/it/12 R; y; x\OT1/cmr/m/n/12 ](\OM
L/cmm/m/it/12 x; y\OT1/cmr/m/n/12 )\OML/cmm/m/it/12 Nqqqq\OT1/cmr/m/n/12 [\OML/
cmm/m/it/12 R; x; y\OT1/cmr/m/n/12 ]$ 
 []


Overfull \hbox (17.9759pt too wide) in paragraph at lines 818--819
[]$[]\OT1/cmr/m/n/12 407[]14[] \OML/cmm/m/it/12 qqqq\OT1/cmr/m/n/12 [\OML/cmm/m
/it/12 instssucc; Y; X\OT1/cmr/m/n/12 ] [] ((([]\OML/cmm/m/it/12 Z\OT1/cmr/m/n/
12 )\OML/cmm/m/it/12 qqqq\OT1/cmr/m/n/12 [\OML/cmm/m/it/12 onetoone; Z; X\OT1/c
mr/m/n/12 ]) \OMS/cmsy/m/n/12 ^ \OT1/cmr/m/n/12 ((\OML/cmm/m/it/12 w\OT1/cmr/m/
n/12 )\OML/cmm/m/it/12 qqqq\OT1/cmr/m/n/12 [\OML/cmm/m/it/12 Z; w\OT1/cmr/m/n/1
2 ] [] \OML/cmm/m/it/12 qqqq\OT1/cmr/m/n/12 [\OML/cmm/m/it/12 X; w\OT1/cmr/m/n/
12 ])) \OMS/cmsy/m/n/12 ^
 []


Overfull \hbox (256.71388pt too wide) in paragraph at lines 823--824
[]$[]\OT1/cmr/m/n/12 407[]14[] \OML/cmm/m/it/12 qqqq\OT1/cmr/m/n/12 [\OML/cmm/m
/it/12 instssucc; Y; X\OT1/cmr/m/n/12 ] [] \OML/cmm/m/it/12 CKK\OT1/cmr/m/n/12 
([]\OML/cmm/m/it/12 Z\OT1/cmr/m/n/12 )\OML/cmm/m/it/12 qqqq\OT1/cmr/m/n/12 [\OM
L/cmm/m/it/12 onetoone; Z; X\OT1/cmr/m/n/12 ]\OML/cmm/m/it/12 C\OT1/cmr/m/n/12 
(\OML/cmm/m/it/12 w\OT1/cmr/m/n/12 )\OML/cmm/m/it/12 qqqq\OT1/cmr/m/n/12 [\OML/
cmm/m/it/12 Z; w\OT1/cmr/m/n/12 ]\OML/cmm/m/it/12 qqqq\OT1/cmr/m/n/12 [\OML/cmm
/m/it/12 X; w\OT1/cmr/m/n/12 ]\OML/cmm/m/it/12 K\OT1/cmr/m/n/12 ([]\OML/cmm/m/i
t/12 t\OT1/cmr/m/n/12 )(\OML/cmm/m/it/12 u\OT1/cmr/m/n/12 )\OML/cmm/m/it/12 qqq
q\OT1/cmr/m/n/12 [\OML/cmm/m/it/12 Y; t\OT1/cmr/m/n/12 ]\OML/cmm/m/it/12 Nqqqq\
OT1/cmr/m/n/12 [\OML/cmm/m/it/12 X; u\OT1/cmr/m/n/12 ]\OML/cmm/m/it/12 pmpf[][]
$ 
 []

[12] [13] (./arith_no_incomplete_symbols_p.aux)
Package rerunfilecheck Info: File `arith_no_incomplete_symbols_p.out' has not c
hanged.
(rerunfilecheck)             Checksum: D41D8CD98F00B204E9800998ECF8427E;0.
 ) 
Here is how much of TeX's memory you used:
 10428 strings out of 480247
 155581 string characters out of 5896151
 459442 words of memory out of 5000000
 28198 multiletter control sequences out of 15000+600000
 488410 words of font info for 84 fonts, out of 8000000 for 9000
 14 hyphenation exceptions out of 8191
 70i,12n,76p,1102b,327s stack positions out of 5000i,500n,10000p,200000b,80000s
 </home/deno/.texlive2021/texmf-var/fonts/pk/ljfour/jknappen/ec/ecbx1200.600p
k> </home/deno/.texlive2021/texmf-var/fonts/pk/ljfour/jknappen/ec/ecrm1200.600p
k> </home/deno/.texlive2021/texmf-var/fonts/pk/ljfour/jknappen/ec/ecrm1440.600p
k> </home/deno/.texlive2021/texmf-var/fonts/pk/ljfour/jknappen/ec/ecrm2074.600p
k></usr/share/texlive/texmf-dist/fonts/type1/public/amsfonts/cm/cmbsy10.pfb></u
sr/share/texlive/texmf-dist/fonts/type1/public/amsfonts/cm/cmmi12.pfb></usr/sha
re/texlive/texmf-dist/fonts/type1/public/amsfonts/cm/cmr12.pfb></usr/share/texl
ive/texmf-dist/fonts/type1/public/amsfonts/cm/cmsy10.pfb></usr/share/texlive/te
xmf-dist/fonts/type1/urw/zapfding/uzdr.pfb>
Output written on arith_no_incomplete_symbols_p.pdf (13 pages, 132377 bytes).
PDF statistics:
 238 PDF objects out of 1000 (max. 8388607)
 83 compressed objects within 1 object stream
 14 named destinations out of 1000 (max. 500000)
 1 words of extra memory for PDF output out of 10000 (max. 10000000)

