
*** Yes

*** Yes

*** Yes

*** Yes

*** Yes

*** Yes

*** Yes
Thu 28 Jan 2021 01:15:31 AM CST

*** Yes
> 
*** Yes
> 
> write_time(Ignore)?
0
*** Yes
Ignore = @.
--1> 

*** No
> %% I indicate for each query whether the immediate response should be
> %% TRUE = Yes or FALSE = No
> 
> %% There may be subsequient No responses - as I may have asked for additional answers with semicolons.
> 
> %% There are 7 relations of both understanding and belief.
> %% Those of understanding are defined in terms of rrrr and ssss
> %% Those of belief require also a belief_in_ideas relation.
> 
> %% The 7 cases are:
> 
> %% words
> %% ideas
> %% objects
> 
> %% words_ideas
> %% words_objects
> %% ideas_objects
> 
> %% words_ideas_objects
> 
> 
> %%%%%%%%%%%%%%%%%%%%%%%%%%%%%%%%%%%%%%%%%%%%%%%%%%%%%%%%%%%%%%%%%%%%
> %%% UNDERSTANDING
> %%%%%%%%%%%%%%%%%%%%%%%%%%%%%%%%%%%%%%%%%%%%%%%%%%%%%%%%%%%%%%%%%%%%
> 
> %% Checks on Understanding follow.
> 
> %%%%%%%%%%%%%%%%%%%%%%%%
> %% WORDS
> %%%%%%%%%%%%%%%%%%%%%%%%
> 
> %% Next should be TRUE
> 
> believes_words( tom, now,
|         [[denounced_word],
|          [cicero_word],
|          [catiline_word]])?

*** Yes
--1> 

*** No
> %% Next should be FALSE
> 
> believes_words( tom, now,
|         [[denounced_word],
|          [tully_word],
|          [catiline_word]])?

*** No
> 
> %% Next should be FALSE -- wrong type
> 
> believes_words( tom, now,
|         [[tully_word],
|          [tully_word],
|          [catiline_word]])?

*** No
> 
> %% Next should be FALSE -- wrong type
> 
> believes_words( tom, now,
|         [[denounced_word],
|          [tully_word],
|          [denounced_word]])?

*** No
> 
> %% Next should be FALSE -- wrong arity
> 
> believes_words( tom, now,
|         [[denounced_word],
|          [cicero_word]])?

*** No
> 
> %%%%%%%%%%%%%%%%%%%%%%%%
> %% IDEAS
> %%%%%%%%%%%%%%%%%%%%%%%%
> 
> %% Next should be TRUE
> 
> %% Note here are just lists of ideas - not lists of lists
> 
> believes_in_ideas( tom, now,
|         [tom_denounced_idea,
|          tom_cicero_idea,
|          tom_catiline_idea])?

*** Yes
> 
> %% Next should be TRUE -- not a belief
> 
> believes_in_ideas( tom, now,
|         [tom_denounced_idea,
|          tom_tully_idea,
|          tom_catiline_idea])?

*** No
> 
> %% Next should be FALSE -- wrong type
> 
> believes_in_ideas( tom, now,
|         [tom_tully_idea,
|          tom_tully_idea,
|          tom_catiline_idea])?

*** No
> 
> %% Next should be FALSE -- wrong type
> 
> believes_in_ideas( tom, now,
|         [tom_denounced_idea,
|          tom_tully_idea,
|          tom_denounced_idea])?

*** No
> 
> %% Next should be FALSE -- wrong arity
> 
> believes_in_ideas( tom, now,
|         [tom_denounced_idea,
|          tom_cicero_idea])?

*** No
> 
> %%%%%%%%%%%%%%%%%%%%%%%%
> %% OBJECTS
> %%%%%%%%%%%%%%%%%%%%%%%%
> 
> %% Next should be TRUE
> 
> believes_objects( tom, now,
|         [[denounced],
|          [cicero],
|          [catiline]])?

*** Yes
--1> 

*** No
> %% Next should be FALSE -- there is no (separate) object tully
> 
> believes_objects( tom, now,
|         [[denounced],
|          [tully],
|          [catiline]])?

*** No
> 
> %% Next should be FALSE -- wrong type
> 
> believes_objects( tom, now,
|         [[tully],
|          [tully],
|          [catiline]])?

*** No
> 
> %% Next should be FALSE -- wrong type
> 
> believes_objects( tom, now,
|         [[denounced],
|          [tully],
|          [denounced]])?

*** No
> 
> %% Next should be FALSE -- wrong arity
> 
> believes_objects( tom, now,
|         [[denounced],
|          [cicero]])?

*** No
> 
> %%%%%%%%%%%%%%%%%%%%%%%%
> %% WORDS_IDEAS
> %%%%%%%%%%%%%%%%%%%%%%%%
> 
> %% Next should be TRUE
> 
> believes_words_ideas( tom, now,
|         [[denounced_word, tom_denounced_idea],
|          [cicero_word, tom_cicero_idea],
|          [catiline_word, tom_catiline_idea]])?

*** Yes
--1> 

*** No
> %% Next should be FALSE -- not a belief
> 
> believes_words_ideas( tom, now,
|         [[denounced_word, tom_denounced_idea],
|          [tully_word, tom_tully_idea],
|          [catiline_word, tom_catiline_idea]])?

*** No
> 
> %% Next should be FALSE -- wrong type
> 
> believes_words_ideas( tom, now,
|         [[tully_word, tom_tully_idea],
|          [tully_word, tom_tully_idea],
|          [catiline_word, tom_catiline_idea]])?

*** No
> 
> %% Next should be FALSE -- wrong type
> 
> believes_words_ideas( tom, now,
|         [[denounced_word, tom_denounced_idea],
|          [tully_word, tom_tully_word],
|          [denounced_word, tom_denounced_idea]])?

*** No
> 
> %% Next should be FALSE -- wrong arity
> 
> believes_words_ideas( tom, now,
|         [[denounced_word, tom_denounced_idea],
|          [cicero_word, tom_cicero_idea]])?

*** No
> 
> %% Next should be FALSE -- wrong rrrr relation for tully_word
> 
> believes_words_ideas( tom, now,
|         [[denounced_word, tom_denounced_idea],
|          [tully_word, tom_cicero_idea],
|          [catiline_word, tom_catiline_idea]])?

*** No
> 
> %% Next should be FALSE -- wrong rrrr relation for cicero_word
> 
> believes_words_ideas( tom, now,
|         [[denounced_word, tom_denounced_idea],
|          [cicero_word, tom_tully_idea],
|          [catiline_word, tom_catiline_idea]])?

*** No
> 
> %%%%%%%%%%%%%%%%%%%%%%%%
> %% WORDS_OBJECTS
> %%%%%%%%%%%%%%%%%%%%%%%%
> 
> %% Next should be TRUE
> 
> believes_words_objects( tom, now,
|         [[denounced_word, denounced],
|          [cicero_word, cicero],
|          [catiline_word, catiline]])?

*** Yes
--1> 

*** No
> %% Next should be FALSE -- not a belief
> 
> believes_words_objects( tom, now,
|         [[denounced_word, denounced],
|          [tully_word, cicero],
|          [catiline_word, catiline]])?

*** No
> 
> %% Next should be FALSE -- wrong type
> 
> believes_words_objects( tom, now,
|         [[tully_word, tully],
|          [tully_word, tully],
|          [catiline_word, catiline]])?

*** No
> 
> %% Next should be FALSE -- wrong type
> 
> believes_words_objects( tom, now,
|         [[denounced_word, denounced],
|          [tully_word, tully],
|          [denounced_word, denounced]])?

*** No
> 
> %% Next should be FALSE -- wrong arity
> 
> believes_words_objects( tom, now,
|         [[denounced_word, denounced],
|          [cicero_word, cicero]])?

*** No
> 
> %%%%%%%%%%%%%%%%%%%%%%%%
> %% IDEAS_OBJECTS
> %%%%%%%%%%%%%%%%%%%%%%%%
> 
> %% Next should be TRUE
> 
> believes_ideas_objects( tom, now,
|         [[tom_denounced_idea, denounced],
|          [tom_cicero_idea, cicero],
|          [tom_catiline_idea, catiline]])?

*** Yes
--1> 

*** No
> %% Next should be FALSE -- not a belief
> 
> believes_ideas_objects( tom, now,
|         [[tom_denounced_idea, denounced],
|          [tom_tully_idea, cicero],
|          [tom_catiline_idea, catiline]])?

*** No
> 
> %% Next should be FALSE -- wrong type
> 
> believes_ideas_objects( tom, now,
|         [[tom_tully_idea, tully],
|          [tom_tully_idea, tully],
|          [tom_catiline_idea, catiline]])?

*** No
> 
> %% Next should be FALSE -- wrong type
> 
> believes_ideas_objects( tom, now,
|         [[tom_denounced_idea, denounced],
|          [tom_tully_idea, tully],
|          [tom_denounced_idea, denounced]])?

*** No
> 
> %% Next should be FALSE -- wrong arity
> 
> believes_ideas_objects( tom, now,
|         [[tom_denounced_idea, denounced],
|          [tom_cicero_idea, cicero]])?

*** No
> 
> %%%%%%%%%%%%%%%%%%%%%%%%
> %% WORDS_IDEAS_OBJECTS
> %%%%%%%%%%%%%%%%%%%%%%%%
> 
> %% Next should be TRUE
> 
> believes_words_ideas_objects( tom, now,
|         [[denounced_word, tom_denounced_idea, denounced],
|          [cicero_word, tom_cicero_idea, cicero],
|          [catiline_word, tom_catiline_idea, catiline]])?

*** Yes
--1> 

*** No
> %% Next should be FALSE -- not believed
> 
> believes_words_ideas_objects( tom, now,
|         [[denounced_word, tom_denounced_idea, denounced],
|          [tully_word, tom_tully_idea, cicero],
|          [catiline_word, tom_catiline_idea, catiline]])?

*** No
> 
> %% Next should be FALSE -- wrong type
> 
> believes_words_ideas_objects( tom, now,
|         [[tully_word, tom_tully_idea, cicero],
|          [tully_word, tom_tully_idea, cicero],
|          [catiline_word, tom_catiline_idea, catiline]])?

*** No
> 
> %% Next should be FALSE -- wrong type
> 
> believes_words_ideas_objects( tom, now,
|         [[denounced_word, tom_denounced_idea, denounced],
|          [tully_word, tom_tully_word, cicero],
|          [denounced_word, tom_denounced_idea, denounced]])?

*** No
> 
> %% Next should be FALSE -- wrong arity
> 
> believes_words_ideas_objects( tom, now,
|         [[denounced_word, tom_denounced_idea, denounced],
|          [cicero_word, tom_cicero_idea]])?

*** No
> 
> %% Next should be FALSE -- wrong rrrr relation for tully_word
> 
> believes_words_ideas_objects( tom, now,
|         [[denounced_word, tom_denounced_idea, denounced],
|          [tully_word, tom_cicero_idea, cicero],
|          [catiline_word, tom_catiline_idea, catiline]])?

*** No
> 
> %% Next should be FALSE -- wrong rrrr relation for cicero_word
> 
> believes_words_ideas_objects( tom, now,
|         [[denounced_word, tom_denounced_idea, denounced],
|          [cicero_word, tom_tully_idea, cicero],
|          [catiline_word, tom_catiline_idea, catiline]])?

*** No
> 
> 
> write_stats(Ignore)?
I am not sure of units here
Clock Time 1.61182 Seconds
CPU Time 0 Milliseconds

*** Yes
Ignore = @.
--1> 

*** No
> halt?

