
*** Yes

*** Yes

*** Yes

*** Yes

*** Yes

*** Yes

*** Yes
Sun 28 Feb 2021 07:38:34 PM CST

*** Yes
> > > > > > > > > > > > > > > > > > 
*** Yes
> 
> %% This file uses queries for multiple testing of universals.
> 
> %% Only understanding so far. Plan to do more.
> 
> %% This is an example with a mini universe for queries of high complexity.
> 
> %% I use an example from Quine's Word & Object. (pp.144-151).
> 
> %% The Story of Cicero and Catiline is given
> %% in _Caesar and Christ_, by Will Durant, pp. 140-147.
> 
> %% "Tully" is not in the index of that work (or "De Senectute").
> 
> %% Wikipedia gives the full name as "Marcus Tullius Cicero"
> %% and notes "The name is infrequently anglicized as Tully."
> %% It also does not mention "De Senectute".
> 
> %% "De Senectute" is in Wikipedia under "Writings of Cicero"
> 
> %% Tom believes that Cicero denounced Catiline.
> %% Tom does not know Cicero = Tully.
> 
> %% In my philosophy, for Tom at that time,
> %% "Cicero" R Toms_idea_of_Cicero
> %% and
> %% Toms_idea of_Cicero S Cicero
> %%
> %%
> %% but not 
> %% "Cicero" R Toms_idea_of_Tully
> %% 
> %%
> %% In my program the relation R is represented by the predicate
> %% rrrr(Subject, Time, Type, Word, Idea)
> %% In my program the relation S is represented by the predicate
> %% ssss(Subject, Time, Type, Idea, Object)
> 
> %% R | S is represented by rrss
> 
> write_time(Ignore)?
0
*** Yes
Ignore = @.
--1> 

*** No
> %% I indicate for each query whether the immediate response should be
> %% TRUE = Yes or FALSE = No
> 
> %% There may be subsequient No responses - as I may have asked for additional answers with semicolons.
> 
> %% There are 7 relations of both understanding and belief.
> %% Those of understanding are defined in terms of rrrr and ssss
> %% Those of belief require also a belief_in_ideas relation.
> 
> %% The 7 cases are:
> 
> %% words
> %% ideas
> %% objects
> 
> %% words_ideas
> %% words_objects
> %% ideas_objects
> 
> %% words_ideas_objects
> 
> 
> test_understands( tom, now,
|    		 [[denounced_word], [cicero_word], [catiline_word]],
|    		 [[tom_denounced_idea], [tom_cicero_idea], [tom_catiline_idea]],
|    		 [[denounced], [cicero], [catiline]],
|    		 [[denounced_word,tom_denounced_idea],
|    		  [cicero_word, tom_cicero_idea],
|    		  [catiline_word, tom_catiline_idea]],
|    		 [[denounced_word, denounced],
|    		  [cicero_word, cicero],
|    		  [catiline_word, catiline]],
|    		 [[tom_denounced_idea, denounced],
|    		  [tom_cicero_idea, cicero],
|    		  [tom_catiline_idea, catiline]],
|    		 [[denounced_word,tom_denounced_idea, denounced],
|    		  [cicero_word, tom_cicero_idea, cicero],
|    		  [catiline_word, tom_catiline_idea, catiline]])?
tom understands words [[denounced_word],[cicero_word],[catiline_word]] at time now

tom understands ideas [[tom_denounced_idea],[tom_cicero_idea],[tom_catiline_idea]] at time now

tom understands objects [[denounced],[cicero],[catiline]] at time now

tom understands words-ideas [[denounced_word,tom_denounced_idea],[cicero_word,tom_cicero_idea],[catiline_word,tom_catiline_idea]] at time now

tom understands words-objects [[denounced_word,denounced],[cicero_word,cicero],[catiline_word,catiline]] at time now

tom understands ideas-objects [[tom_denounced_idea,denounced],[tom_cicero_idea,cicero],[tom_catiline_idea,catiline]] at time now

tom understands words-ideas-objects [[denounced_word,tom_denounced_idea,denounced],[cicero_word,tom_cicero_idea,cicero],[catiline_word,tom_catiline_idea,catiline]] at time now


Stack size  :   444968 bytes (  434K) (0%)
Heap size   :  1267984 bytes ( 1238K) (0%)
Total memory: 167772144 bytes (163839K)
X predicates are not installed.

*** Yes
> halt?		 

