
*** Yes

*** Yes

*** Yes

*** Yes

*** Yes

*** Yes

*** Yes
> > > > > > > > > > > > > > > > > > 
*** Yes
> 
> AAA = [1,2,3]?

*** Yes
AAA = [1,2,3].
--1> BBB = [4,5,6]?

*** Yes
AAA = [1,2,3], BBB = [4,5,6].
----2> AAA = list?

*** Yes
AAA = [1,2,3], BBB = [4,5,6].
------3> AAA = int_list?

*** No
AAA = [1,2,3], BBB = [4,5,6].
------3> 

*** No
AAA = [1,2,3], BBB = [4,5,6].
----2> CCC = int_list?

*** Yes
AAA = [1,2,3], BBB = [4,5,6], CCC = int_list.
------3> 

*** No
AAA = [1,2,3], BBB = [4,5,6].
----2> 

*** No
AAA = [1,2,3].
--1> A = [1, 2, 3, 4]?

*** Yes
A = [1,2,3,4], AAA = [1,2,3].
----2> B = [5, 6, 7, 8]?

*** Yes
A = [1,2,3,4], AAA = [1,2,3], B = [5,6,7,8].
------3> A2 = [1, 2, 3]?

*** Yes
A = [1,2,3,4], A2 = [1,2,3], AAA = [1,2,3], B = [5,6,7,8].
--------4> B2 = [5, 6, 7]?

*** Yes
A = [1,2,3,4], A2 = [1,2,3], AAA = [1,2,3], B = [5,6,7,8], B2 = [5,6,7].
----------5> C = sum(A, B)?

*** Yes
A = [1,2,3,4], 
A2 = [1,2,3], 
AAA = [1,2,3], 
B = [5,6,7,8], 
B2 = [5,6,7], 
C = [6,8,10,12].

------------6> D = dot(A2, B2)?

*** Yes
A = [1,2,3,4], 
A2 = [1,2,3], 
AAA = [1,2,3], 
B = [5,6,7,8], 
B2 = [5,6,7], 
C = [6,8,10,12], 
D = 38.

--------------7> E = cross(A2, B2)?

*** Yes
A = [1,2,3,4], 
A2 = [1,2,3], 
AAA = [1,2,3], 
B = [5,6,7,8], 
B2 = [5,6,7], 
C = [6,8,10,12], 
D = 38, 
E = [-4,8,-4].

----------------8> F = cross(B2, A2)?

*** Yes
A = [1,2,3,4], 
A2 = [1,2,3], 
AAA = [1,2,3], 
B = [5,6,7,8], 
B2 = [5,6,7], 
C = [6,8,10,12], 
D = 38, 
E = [-4,8,-4], 
F = [4,-8,4].

------------------9> G = [A2, B2]?

*** Yes
A = [1,2,3,4], 
A2 = [1,2,3], 
AAA = [1,2,3], 
B = [5,6,7,8], 
B2 = [5,6,7], 
C = [6,8,10,12], 
D = 38, 
E = [-4,8,-4], 
F = [4,-8,4], 
G = [A2,B2].

--------------------10> F = real_list?

*** No
A = [1,2,3,4], 
A2 = [1,2,3], 
AAA = [1,2,3], 
B = [5,6,7,8], 
B2 = [5,6,7], 
C = [6,8,10,12], 
D = 38, 
E = [-4,8,-4], 
F = [4,-8,4], 
G = [A2,B2].

--------------------10> % G = vector_list?
--------------------10> 
--------------------10> % [[1.0, 2.0], [3.0, 4.0]] = vector_list?
--------------------10> 
--------------------10> % E1 = particle(mass => MM:real,
--------------------10> %	      charge => QQ:real,
--------------------10> %	      location => LOC:vector,
--------------------10> %	      velocity => VEL:vector,
--------------------10> %	      acceleration => ACC: vector,
--------------------10> %	      e_field => EE: 
--------------------10> % )?
--------------------10> 
--------------------10> E1 = particle(mass => 2.5, charge => 4.8)?

*** Yes
A = [1,2,3,4], 
A2 = [1,2,3], 
AAA = [1,2,3], 
B = [5,6,7,8], 
B2 = [5,6,7], 
C = [6,8,10,12], 
D = 38, 
E = [-4,8,-4], 
E1 = particle(charge => 4.8,mass => 2.5), 
F = [4,-8,4], 
G = [A2,B2].

----------------------11> 

*** No
A = [1,2,3,4], 
A2 = [1,2,3], 
AAA = [1,2,3], 
B = [5,6,7,8], 
B2 = [5,6,7], 
C = [6,8,10,12], 
D = 38, 
E = [-4,8,-4], 
F = [4,-8,4], 
G = [A2,B2].

--------------------10> 

*** No
A = [1,2,3,4], 
A2 = [1,2,3], 
AAA = [1,2,3], 
B = [5,6,7,8], 
B2 = [5,6,7], 
C = [6,8,10,12], 
D = 38, 
E = [-4,8,-4], 
F = [4,-8,4].

------------------9> 

*** No
A = [1,2,3,4], 
A2 = [1,2,3], 
AAA = [1,2,3], 
B = [5,6,7,8], 
B2 = [5,6,7], 
C = [6,8,10,12], 
D = 38, 
E = [-4,8,-4].

----------------8> write_stats(Ignore)?
Stats Skipped for Test Suite

*** Yes
A = [1,2,3,4], 
A2 = [1,2,3], 
AAA = [1,2,3], 
B = [5,6,7,8], 
B2 = [5,6,7], 
C = [6,8,10,12], 
D = 38, 
E = [-4,8,-4], 
Ignore = @.

------------------9> 

*** No
A = [1,2,3,4], 
A2 = [1,2,3], 
AAA = [1,2,3], 
B = [5,6,7,8], 
B2 = [5,6,7], 
C = [6,8,10,12], 
D = 38, 
E = [-4,8,-4].

----------------8> halt?

