
*** Yes

*** Yes

*** Yes

*** Yes

*** Yes

*** Yes

*** Yes

*** Yes

*** Yes

*** Yes
Sun 28 Feb 2021 07:38:34 PM CST

*** Yes
> > > > > > > > > > > > > > > > > > > > > > > > > > > > > > > > > > > > > > > > > > > > > > > > > > > > > > > 
*** Yes
> 
> write_time(Ignore)?
0
*** Yes
Ignore = @.
--1> 

*** No
> %% I indicate for each query whether the immediate response should be
> %% TRUE = Yes or FALSE = No
> 
> %% There may be subsequient No responses - as I may have asked for additional answers with semicolons.
> 
> %% There are 7 relations of both understanding and belief.
> %% Those of understanding are defined in terms of rrrr and ssss
> %% Those of belief require also a belief_in_ideas relation.
> 
> %% The 7 cases are:
> 
> %% words
> %% ideas
> %% objects
> 
> %% words_ideas
> %% words_objects
> %% ideas_objects
> 
> %% words_ideas_objects
> 
> 
> %% 
> %% 1
> %% NA
> 
> %% 2
> %% NA
> 
> %%%%%%%%%%%%%%%%%%%%%%%%%%%%%%%%%%%%%%%%%%%%%%%%%%%%%%%%%%%%%%%%%%%%5
> 
> %% 3
> %% Guarantees Object with Idea exists
> 
> %% ASK
> exists_contingently_singular_object( tom, now, O)?

*** Yes
O = flipper.
--1> 

*** No
> %%%%%%%%%%%%%%%%%%%%%%%%%%%%%%%%%%%%%%%%%%%%%%%%%%%%%%%%%%%%%%
> 
> %% 4
> %% NA
> 
> %%%%%%%%%%%%%%%%%%%%%%%%%%%%%%%%%%%%%%%%%%%%%%%%%%%%%%%%%%%%%%%%%%%%
> %% 5
> %% guarantees word & object
> 
> %% TRUE
> exists_contingently_singular_word_object( tom, now, W, O)?

*** Yes
O = flipper, W = dolphin_class_word.
--1> 

*** No
> %%%%%%%%%%%%%%%%%%%%%%%%%%%%%%%%%%%%%%%%
> %% 6
> %% guarantees idea & object
> 
> %% TRUE
> exists_contingently_singular_idea_object( tom, now, I, O)?

*** Yes
I = tom_dolphin_class_idea, O = flipper.
--1> 	

*** No
> %%%%%%%%%%%%%%%%%%%%%%%%%%%%%%%%%%%%%%%%
> %% 7
> %%
> 
> %% TRUE
> exists_contingently_singular_word_idea_object( tom, now, W, I, O)?

*** Yes
I = tom_dolphin_class_idea, O = flipper, W = dolphin_class_word.
--1> 

*** No
> %%%%%%%%%%%%%%%%%%%%%%%%%%%%%%%%%%%%%%%%%%%%%%%%%%%%%%%%
> %% now equality -- only applies with object specified
> %% 1
> %% NA
> 
> %% 2
> %% NA
> 
> %%%%%%%%%%%%%%%%%%%%%%%%%%%%%%%%%%%%%%%%%%%%%%%%%%%%%%%%%%%%%%%%%%%%5
> 
> %% 3
> %% Guarantees Object with Idea exists
> 
> %% TRUE
> equal_contingently_singular_objects( tom, now, O1, O2)?

*** Yes
O1 = flipper, O2 = flipper.
--1> 

*** No
> %%%%%%%%%%%%%%%%%%%%%%%%%%%%%%%%%%%%%%%%%%%%%%%%%%%%%%%%%%%%%%
> 
> %% 4
> %% NA
> 	
> %%%%%%%%%%%%%%%%%%%%%%%%%%%%%%%%%%%%%%%%%%%%%%%%%%%%%%%%%%%%%%%%%%%%
> %% 5
> %% guarantees word & object
> 
> %% TRUE
> equal_contingently_singular_words_objects( quine, now, W1, W2,
|    			     O1, O2)?

*** Yes
O1 = flipper, O2 = flipper, W1 = dolphin_class_word, W2 = dolphin_class_word.
--1> 

*** No
> %%%%%%%%%%%%%%%%%%%%%%%%%%%%%%%%%%%%%%%%
> %% 6
> %% guarantees idea & object
> 
> %% TRUE
> equal_contingently_singular_ideas_objects( quine, now, I1, I2,
|    			      O1, O2)?

*** Yes
I1 = quine_dolphin_class_idea, 
I2 = quine_dolphin_class_idea, 
O1 = flipper, 
O2 = flipper.

--1> 	

*** No
> %%%%%%%%%%%%%%%%%%%%%%%%%%%%%%%%%%%%%%%%
> %% 7
> %%
> %% TRUE
> equal_contingently_singular_words_ideas_objects( quine, now, W1, W2,
|    				   I1, I2,
|    				   O1, O2)?

*** Yes
I1 = quine_dolphin_class_idea, 
I2 = quine_dolphin_class_idea, 
O1 = flipper, 
O2 = flipper, 
W1 = dolphin_class_word, 
W2 = dolphin_class_word.

--1> %%%%%%%%%%%%%%%%%%%%%%%%%%%%%%%%%%%%%%%%%%%%%%%%%%%%%%%%%%
--1> %% FUNCTIONS are NOT working yet
--1> %%%%%%%%%%%%%%%%%%%%%%%%%%%%%%%%%%%%%%%%%%%%%%%%%%%%%%%%
--1> %% now functions -- only applies with object specified
--1> %% 1
--1> %% NA
--1> 
--1> %% 2
--1> %% NA
--1> 
--1> %%%%%%%%%%%%%%%%%%%%%%%%%%%%%%%%%%%%%%%%%%%%%%%%%%%%%%%%%%%%%%%%%%%%5
--1> 
--1> %% 3
--1> %% Guarantees Object exists
--1> 
--1> %% TRUE
--1> function_contingently_singular_object( tom, now, F, O)?

*** No
I1 = quine_dolphin_class_idea, 
I2 = quine_dolphin_class_idea, 
O1 = flipper, 
O2 = flipper, 
W1 = dolphin_class_word, 
W2 = dolphin_class_word.

--1> 

*** No
> %%%%%%%%%%%%%%%%%%%%%%%%%%%%%%%%%%%%%%%%%%%%%%%%%%%%%%%%%%%%%%
> 
> %% 4
> %% NA
> 	
> %%%%%%%%%%%%%%%%%%%%%%%%%%%%%%%%%%%%%%%%%%%%%%%%%%%%%%%%%%%%%%%%%%%%
> %% 5
> %% guarantees word & object
> 
> %% TRUE
> function_contingently_singular_word_object( tom, now, F, W, O)?

*** No
> 
> %%%%%%%%%%%%%%%%%%%%%%%%%%%%%%%%%%%%%%%%
> %% 6
> %% guarantees idea & object
> 
> %% TRUE
> function_contingently_singular_idea_object( tom, now, F, I, O)?

*** No
> 	
> %%%%%%%%%%%%%%%%%%%%%%%%%%%%%%%%%%%%%%%%
> %% 7
> %%
> %% TRUE
> function_contingently_singular_word_idea_object( tom, now,
|         F,
|         W,
|         I, O)?

*** No
> 
> write_stats(Ignore)?
I am not sure of units here
Clock Time 1.61456 Seconds
CPU Time 16.6667 Milliseconds

*** Yes
Ignore = @.
--1> 

*** No
> halt?

