
*** Yes

*** Yes

*** Yes

*** Yes

*** Yes

*** Yes

*** Yes

*** Yes

*** Yes

*** Yes
Mon 08 Feb 2021 12:17:57 AM CST

*** Yes
> 
*** Yes
> 
> write_time(Ignore)?
0
*** Yes
Ignore = @.
--1> 

*** No
> %% I indicate for each query whether the immediate response should be
> %% TRUE = Yes or FALSE = No
> 
> %% There may be subsequient No responses - as I may have asked for additional answers with semicolons.
> 
> %% There are 7 relations of both understanding and belief.
> %% Those of understanding are defined in terms of rrrr and ssss
> %% Those of belief require also a belief_in_ideas relation.
> 
> %% The 7 cases are:
> 
> %% words
> %% ideas
> %% objects
> 
> %% words_ideas
> %% words_objects
> %% ideas_objects
> 
> %% words_ideas_objects
> 
> 
> test_understands(tom, now,
|    		 [[denounced_word], [cicero_word], [catiline_word]],
|    		 [[tom_denounced_idea], [tom_cicero_idea], [tom_catiline_idea]],
|    		 [[denounced], [cicero], [catiline]],
|    		 [[denounced_word,tom_denounced_idea],
|    		  [cicero_word, tom_cicero_idea],
|    		  [catiline_word, tom_catiline_idea]],
|    		 [[denounced_word, denounced],
|    		  [cicero_word, cicero],
|    		  [catiline_word, catiline]],
|    		 [[tom_denounced_idea, denounced],
|    		  [tom_cicero_idea, cicero],
|    		  [tom_catiline_idea, catiline]],
|    		 [[denounced_word,tom_denounced_idea, denounced],
|    		  [cicero_word, tom_cicero_idea, cicero],
|    		  [catiline_word, tom_catiline_idea, catiline]])?
tom understands words [[denounced_word],[cicero_word],[catiline_word]] at time now

tom understands ideas [[tom_denounced_idea],[tom_cicero_idea],[tom_catiline_idea]] at time now

tom understands objects [[denounced],[cicero],[catiline]] at time now

tom understands words-ideas [[denounced_word,tom_denounced_idea],[cicero_word,tom_cicero_idea],[catiline_word,tom_catiline_idea]] at time now

tom understands words-objects [[denounced_word,denounced],[cicero_word,cicero],[catiline_word,catiline]] at time now

tom understands ideas-objects [[tom_denounced_idea,denounced],[tom_cicero_idea,cicero],[tom_catiline_idea,catiline]] at time now

tom understands words-ideas-objects [[denounced_word,tom_denounced_idea,denounced],[cicero_word,tom_cicero_idea,cicero],[catiline_word,tom_catiline_idea,catiline]] at time now


Stack size  :   276640 bytes (  270K) (0%)
Heap size   :  1083936 bytes ( 1058K) (0%)
Total memory: 1677721584 bytes (1638399K)
X predicates are not installed.

*** Yes
> halt?		 

