
*** Yes

*** Yes

*** Yes

*** Yes
> 
*** Yes
> 
> write_time(Ignore)?
> 
> %% "%% start comment lines"
> 
> %% cls stands for class
> %% capital letters start variables.
> %% lower case start constants
> %% we want 
> %% cls(exists, X, wrote_waverley)?
> %% to be true - scott
> 
> cls(exists, X, wrote_waverley)?

*** Yes
X = scott.
--1> 

*** No
> %% we want 
> %% cls(exists, bertie, wrote_waverley)? 
> %% to be false
> 
> cls(exists, bertie, wrote_waverley)? 

*** No
> 
> %% we want 
> %% cls(exists, X, helped_write_pm)? 
> %% to be true - classes need not be unique
> 
> cls(exists, X, helped_write_pm)? 

*** Yes
X = bertie.
--1> ;

*** Yes
X = alfred.
--1> 	

*** No
> %% we want 
> %% cls(exists, bertie, helped_write_pm)? 
> %% to be true
> 
> cls(exists, bertie, helped_write_pm)? 

*** Yes
--1> 

*** No
> %% we want 
> %% cls(exists, alfred, helped_write_pm)?
> %% to be true
> 
> cls(exists, alfred, helped_write_pm)?

*** Yes
--1> 

*** No
> %% we want 
> %% cls(member, X, wrote_waverley)?
> %% to be true - scott
> 
> cls(member, X, wrote_waverley)?

*** Yes
X = scott.
--1> 

*** No
> %% we want 
> %% cls(member, bertie, wrote_waverley)? 
> %% to be false
> 
> cls(member, bertie, wrote_waverley)? 

*** No
> 
> %% we want 
> %% cls(member, X, helped_write_pm)? 
> %% to be true - classes need not be unique
> 
> cls(member, X, helped_write_pm)? 

*** Yes
X = bertie.
--1> ;

*** Yes
X = alfred.
--1> 	

*** No
> %% we want 
> %% cls(member, bertie, helped_write_pm)? 
> %% to be true
> 
> cls(member, bertie, helped_write_pm)? 

*** Yes
--1> 

*** No
> %% we want 
> %% cls(member, alfred, helped_write_pm)?
> %% to be true
> 
> cls(member, alfred, helped_write_pm)?

*** Yes
--1> 

*** No
> %% we want 
> %% cls(equals, is_morning_star, is_evening_star)?
> %% to be true
> 
> cls(equals, is_morning_star, is_evening_star)?
mat_diff01_testingis_morning_staris_evening_starscott
mat_diff01_testingis_morning_staris_evening_starbertie
mat_diff01_testingis_morning_staris_evening_staralfred
mat_diff01_testingis_morning_staris_evening_starrussell_or_whitehead
mat_diff01_testingis_morning_staris_evening_starvenus
mat_diff01_testingis_morning_staris_evening_starscott
mat_diff01_testingis_morning_staris_evening_starbertie
mat_diff01_testingis_morning_staris_evening_staralfred
mat_diff01_testingis_morning_staris_evening_starrussell_or_whitehead
mat_diff01_testingis_morning_staris_evening_starvenus

*** Yes
> 
> %% we want 
> %% cls(equals, is_bertie, is_alfred)?
> %% to be false
> 
> cls(equals, is_bertie, is_alfred)?
mat_diff01_testingis_bertieis_alfredscott
mat_diff01_testingis_bertieis_alfredbertie
mat_diff02_are_diffis_bertieis_alfred

*** No
> 
> %% we want 
> %% cls(equals, is_morning_star, is_scott)?
> %% to be false
> 
> cls(equals, is_morning_star, is_scott)?
mat_diff01_testingis_morning_staris_scottscott
mat_diff01_testingis_morning_staris_scottbertie
mat_diff01_testingis_morning_staris_scottalfred
mat_diff01_testingis_morning_staris_scottrussell_or_whitehead
mat_diff01_testingis_morning_staris_scottvenus
mat_diff02_are_diffis_morning_staris_scott

*** No
> 
> %% we want 
> %% cls(function, bald, X, present_king_of_france)?
> %% to be false
> 
> cls(function, bald, present_king_of_france)?
func01baldpresent_king_of_france

*** No
> 
> %% we want 
> %% cls(function, one, wrote_process_and_reality)?
> %% to be true
> 
> cls(function, one, wrote_process_and_reality)?
func01onewrote_process_and_reality
func02is_scott
mat_diff01_testingwrote_process_and_realityis_scottscott
mat_diff01_testingwrote_process_and_realityis_scottbertie
mat_diff01_testingwrote_process_and_realityis_scottalfred
mat_diff02_are_diffwrote_process_and_realityis_scott
func02is_bertie
mat_diff01_testingwrote_process_and_realityis_bertiescott
mat_diff01_testingwrote_process_and_realityis_bertiebertie
mat_diff01_testingwrote_process_and_realityis_bertiealfred
mat_diff02_are_diffwrote_process_and_realityis_bertie
func02is_alfred
mat_diff01_testingwrote_process_and_realityis_alfredscott
mat_diff01_testingwrote_process_and_realityis_alfredbertie
mat_diff01_testingwrote_process_and_realityis_alfredalfred
mat_diff01_testingwrote_process_and_realityis_alfredrussell_or_whitehead
mat_diff01_testingwrote_process_and_realityis_alfredvenus
mat_diff01_testingwrote_process_and_realityis_alfredscott
mat_diff01_testingwrote_process_and_realityis_alfredbertie
mat_diff01_testingwrote_process_and_realityis_alfredalfred
mat_diff01_testingwrote_process_and_realityis_alfredrussell_or_whitehead
mat_diff01_testingwrote_process_and_realityis_alfredvenus
func03hereoneis_alfred

*** Yes
--1> 

*** No
> %% we want 
> %% cls(function, one, wrote_pm)?
> %% to be false
> 
> cls(function, one, wrote_pm)?
func01onewrote_pm
func02is_scott
mat_diff01_testingwrote_pmis_scottscott
mat_diff01_testingwrote_pmis_scottbertie
mat_diff01_testingwrote_pmis_scottalfred
mat_diff01_testingwrote_pmis_scottrussell_or_whitehead
mat_diff02_are_diffwrote_pmis_scott
func02is_bertie
mat_diff01_testingwrote_pmis_bertiescott
mat_diff01_testingwrote_pmis_bertiebertie
mat_diff01_testingwrote_pmis_bertiealfred
mat_diff01_testingwrote_pmis_bertierussell_or_whitehead
mat_diff02_are_diffwrote_pmis_bertie
func02is_alfred
mat_diff01_testingwrote_pmis_alfredscott
mat_diff01_testingwrote_pmis_alfredbertie
mat_diff01_testingwrote_pmis_alfredalfred
mat_diff01_testingwrote_pmis_alfredrussell_or_whitehead
mat_diff02_are_diffwrote_pmis_alfred

*** No
> 
> %% we want 
> %% cls(function, two, wrote_process_and_reality)?
> %% to be false
> 
> cls(function, two, wrote_process_and_reality)?
func01twowrote_process_and_reality
func02is_russell_or_whitehead
mat_diff01_testingwrote_process_and_realityis_russell_or_whiteheadscott
mat_diff01_testingwrote_process_and_realityis_russell_or_whiteheadbertie
mat_diff01_testingwrote_process_and_realityis_russell_or_whiteheadalfred
mat_diff02_are_diffwrote_process_and_realityis_russell_or_whitehead

*** No
> 
> %% we want 
> %% cls(function, two, wrote_pm)?
> %% to be true
> 
> cls(function, two, wrote_pm)?
func01twowrote_pm
func02is_russell_or_whitehead
mat_diff01_testingwrote_pmis_russell_or_whiteheadscott
mat_diff01_testingwrote_pmis_russell_or_whiteheadbertie
mat_diff01_testingwrote_pmis_russell_or_whiteheadalfred
mat_diff01_testingwrote_pmis_russell_or_whiteheadrussell_or_whitehead
mat_diff01_testingwrote_pmis_russell_or_whiteheadvenus
mat_diff01_testingwrote_pmis_russell_or_whiteheadscott
mat_diff01_testingwrote_pmis_russell_or_whiteheadbertie
mat_diff01_testingwrote_pmis_russell_or_whiteheadalfred
mat_diff01_testingwrote_pmis_russell_or_whiteheadrussell_or_whitehead
mat_diff01_testingwrote_pmis_russell_or_whiteheadvenus
func03heretwois_russell_or_whitehead

*** Yes
--1> 

*** No
> %% we want 
> %% cls(equals, wrote_pm, wrote_waverley)?
> %% to be false
> 
> cls(equals, wrote_pm, wrote_waverley)?
mat_diff01_testingwrote_pmwrote_waverleyscott
mat_diff01_testingwrote_pmwrote_waverleybertie
mat_diff01_testingwrote_pmwrote_waverleyalfred
mat_diff01_testingwrote_pmwrote_waverleyrussell_or_whitehead
mat_diff02_are_diffwrote_pmwrote_waverley

*** No
> 
> write_stats(Ignore)?
I am not sure of units here
Clock Time 1.61319 Seconds
CPU Time 0 Milliseconds

*** Yes
Ignore = @.
--1> 

*** No
> halt?

