
*** Yes
> > > > > > > > > > > > > > > > > > > > > > > > > > > > > > > > > > > > > > > > > > > > 
*** Yes

*** Yes

*** Yes

*** Yes
> 
*** Yes
> Sun 27 Dec 2020 07:03:46 AM CST
> write_time(Ignore)?
0
*** Yes
Ignore = @.
--1> 
*** No
> qqqq(rrrr, tom, now, of_orations_word, tom_of_orations_idea)?

*** Yes
--1> 

*** No
> 
> qqqq(ssss, tom, now, tom_of_orations_idea, of_orations)?

*** Yes
--1> 

*** No
> 
> qqqq(rrrr, tom, now, of_De_Senectute_word, tom_of_De_Senectute_idea)?

*** Yes
--1> 

*** No
> 
> qqqq(ssss, tom, now, tom_of_De_Senectute_idea, of_De_Senectute)?

*** Yes
--1> 

*** No
> 
> qqqq(rrss, tom, now, of_orations_word, of_orations)?

*** Yes
--1> 

*** No
> 
> qqqq(rrss, tom, now, of_De_Senectute_word, of_De_Senectute)?

*** Yes
--1> 

*** No
> 
> qqqq(rrrr, quine, now, of_orations_word, quine_of_orations_idea)?

*** Yes
--1> 

*** No
> 
> qqqq(ssss, quine, now, quine_of_orations_idea, of_orations)?

*** Yes
--1> 

*** No
> 
> qqqq(rrrr, quine, now, of_De_Senectute_word, quine_of_De_Senectute_idea)?

*** Yes
--1> 

*** No
> 
> qqqq(ssss, quine, now, quine_of_De_Senectute_idea, of_De_Senectute)?

*** Yes
--1> 

*** No
> 
> qqqq(rrrr, tom, now, denounced_word, tom_denounced_idea)?

*** Yes
--1> 

*** No
> 
> qqqq(ssss, tom, now, tom_denounced_idea, denounced)?

*** Yes
--1> 

*** No
> 
> qqqq(rrrr, tom, now, cicero_word, tom_cicero_idea)?

*** Yes
--1> 

*** No
> 
> qqqq(ssss, tom, now, tom_cicero_idea, cicero)?

*** Yes
--1> 

*** No
> 
> qqqq(rrrr, tom, now, catiline_word, tom_catiline_idea)?

*** Yes
--1> 

*** No
> 
> qqqq(ssss, tom, now, tom_catiline_idea, catiline)?

*** Yes
--1> 

*** No
> 
> qqqq(rrrr, tom, now, cicero_word, tom_tully_idea)?

*** No
> ;
> 
> qqqq(rrrr, tom, now, tully_word, tom_tully_idea)?

*** Yes
--1> 

*** No
> 
> qqqq(rrrr, tom, now, tully_word, tom_cicero_idea)?

*** No
> ;
> 
> qqqq(rrss, tom, now, cicero_word, cicero)?

*** Yes
--1> 

*** No
> 
> qqqq(rrss, tom, now, tully_word, cicero)?

*** Yes
--1> 

*** No
> 
> qqqq(rrss, tom, now, catiline_word, catiline)?

*** Yes
--1> 

*** No
> 
> qqqq(rrss, tom, now, denounced_word, denounced)?

*** Yes
--1> 

*** No
> 
> qqqq(rrrr, quine, now, denounced_word, quine_denounced_idea)?

*** Yes
--1> 

*** No
> 
> 
> qqqq(ssss, quine, now, quine_denounced_idea, denounced)?

*** Yes
--1> 

*** No
> 
> 
> qqqq(rrrr, quine, now, cicero_word, quine_cicero_idea)?

*** Yes
--1> 

*** No
> 
> qqqq(ssss, quine, now, quine_cicero_idea, cicero)?

*** Yes
--1> 

*** No
> 
> qqqq(rrrr, quine, now, cicero_word, quine_tully_idea)?

*** Yes
--1> 

*** No
> 
> qqqq(rrrr, quine, now, tully_word, quine_tully_idea)?

*** Yes
--1> 

*** No
> 
> qqqq(rrrr, quine, now, tully_word, quine_cicero_idea)?

*** Yes
--1> 

*** No
> 
> qqqq(ssss, quine, now, quine_tully_idea, cicero)?

*** Yes
--1> 

*** No
> 
> qqqq(rrss, quine, now, cicero_word, cicero)?

*** Yes
--1> 

*** Yes
--1> 
*** No
> qqqq(rrss, quine, now, of_orations_word, of_orations)?

*** Yes
--1> 

*** No
> 
> qqqq(rrss, quine, now, of_De_Senectute_word, of_De_Senectute)?

*** Yes
--1> 

*** No
> 
> write_stats(Ignore)?
I am not sure of units here
Clock Time 1.60907 Seconds
CPU Time 0 Milliseconds

*** Yes
Ignore = @.
--1> 
*** No
>  
> 
> 
> halt?

