
*** Yes
> > > > > > > > > > > > > > > > > > > > 
*** Yes

*** Yes

*** Yes

*** Yes

*** Yes

*** Yes

*** Yes

*** Yes

*** Yes
Sun 28 Feb 2021 03:34:12 PM CST

*** Yes
> 
*** Yes
> 
> write_time(Ignore)?
0
*** Yes
Ignore = @.
--1> 

*** No
> opaque_believes_word_idea_object_L(Subject, Time, Type, Arity,
|    				   Triple_List_1,
|    				   Triple_list_2)?
> ;
> ;
> ;
> ;
> 
> opaque_believes_word_object_L(Subject, Time, Type, Arity,
|    			      Pair_List_1,
|    			      Pair_List_2)?
> ;
> ;
> ;
> ;
> 
> opaque_believes_word_idea_L(Subject, Time, Type, Arity,
|    			    Pair_List_1,
|    			    Pair_List_2)?
> ;
> ;
> ;
> ;
> 
> opaque_believes_idea_object_L(Subject, Time, Type, Arity,
|    			      Pair_List_1,
|    			      Pair_List_2)?
> ;
> ;
> ;
> ;
> 
> opaque_believes_object_L(Subject, Time, Type, Arity,
|    			 Object_List_1,
|    			 Object_List_2)?
> ;
> ;
> ;
> ;
> 
> 
> %%%%%%%%%%%%%%%%%%%%%%%%%%%%%%%%%%%%%%%%%%%%%%%%%%%%%%%%%%%%%%%
> 
> 
> transparent_believes_word_idea_object_L(Subject, Time, 1, 1,
|    				   Triple_List_1,
|    				   Triple_list_2)?
> ;
> ;
> ;
> ;
> 
> 
> transparent_believes_word_idea_object_L(Subject, Time, 1, 2,
|    				   Triple_List_1,
|    				   Triple_list_2)?
> ;
> ;
> ;
> ;
> 
> 
> 
> 
> transparent_believes_word_object_L(Subject, Time, 1, 1,
|    			      Pair_List_1,
|    			      Pair_List_2)?
> ;
> ;
> ;
> ;
> 
> transparent_believes_word_object_L(Subject, Time, 1, 2,
|    			      Pair_List_1,
|    			      Pair_List_2)?
> ;
> ;
> ;
> ;
> 
> transparent_believes_word_idea_L(Subject, Time, 1, 1,
|    			    Pair_List_1,
|    			    Pair_List_2)?
> ;
> ;
> ;
> ;
> 
> transparent_believes_word_idea_L(Subject, Time, 1, 2,
|    			    Pair_List_1,
|    			    Pair_List_2)?
> ;
> ;
> ;
> ;
> 
> transparent_believes_idea_object_L(Subject, Time, 1, 1,
|    			      Pair_List_1,
|    			      Pair_List_2)?
> ;
> ;
> ;
> ;
> 
> transparent_believes_idea_object_L(Subject, Time, 1, 2,
|    			      Pair_List_1,
|    			      Pair_List_2)?
> ;
> ;
> ;
> ;
> 
> transparent_believes_object_L(Subject, Time, 1, 1,
|    			 Object_List_1,
|    			 Object_List_2)?
> 
> ;
> ;
> ;
> ;
> 
> transparent_believes_object_L(Subject, Time, 1, 2,
|    			 Object_List_1,
|    			 Object_List_2)?
> ;
> ;
> ;
> ;
> 
> 
> 
> 
> write_stats(Ignore)?
I am not sure of units here
Clock Time 1.61455 Seconds
CPU Time 0 Milliseconds

*** Yes
Ignore = @.
--1> 

*** No
>  
> 
> 
> halt?

