
*** Yes

*** Yes

*** Yes

*** Yes

*** Yes

*** Yes

*** Yes

*** Yes

*** Yes
Sun 28 Feb 2021 07:38:34 PM CST

*** Yes
> > > > > > > > > > > > > > > > > > > > > > > > > > > > > > > > > > > > > > > > > > > > > > > > > > > > > > > 
*** Yes
> 
> write_time(Ignore)?
0
*** Yes
Ignore = @.
--1> 

*** No
> %% I indicate for each query whether the immediate response should be
> %% TRUE = Yes or FALSE = No
> 
> %% There may be subsequient No responses - as I may have asked for additional answers with semicolons.
> 
> %% There are 7 relations of both understanding and belief.
> %% Those of understanding are defined in terms of rrrr and ssss
> %% Those of belief require also a belief_in_ideas relation.
> 
> %% The 7 cases are:
> 
> %% words
> %% ideas
> %% objects
> 
> %% words_ideas
> %% words_objects
> %% ideas_objects
> 
> %% words_ideas_objects
> 
> %% First membership
> 
> %%%%%%%%%%%%%%%%%%%%%%%%%%%%%%%%%%%%%%%%%%%%%%%%%%%%%%%%%%%%%%%%%%%%5
> %% 
> %% 1
> %% NA
> %%%%%%%%%%%%%%%%%%%%%%%%%%%%%%%%%%%%%%%%%%%%%%%%%%%%%%%%%%%%%%%%%%%%5
> 
> %% 2
> %% NA
> 
> %%%%%%%%%%%%%%%%%%%%%%%%%%%%%%%%%%%%%%%%%%%%%%%%%%%%%%%%%%%%%%%%%%%%5
> 
> %% 3
> %% NA
> 	
> %%%%%%%%%%%%%%%%%%%%%%%%%%%%%%%%%%%%%%%%%%%%%%%%%%%%%%%%%%%%%%
> 
> %% 4
> %% NA
> 
> %%%%%%%%%%%%%%%%%%%%%%%%%%%%%%%%%%%%%%%%%%%%%%%%%%%%%%%%%%%%%%%%%%%%
> %% 5
> %% guarantees word & object
> 
> %% To keep the database simple I did not declare "everyone" in these classes
> %% There there are ideas with tttt relations with several objects.
> %%
> 
> %% cicero & catiline
> 
> 
> member_plural_word_object( tom, now, roman_class_word, X)?

*** Yes
X = cicero.
--1> ;

*** Yes
X = catiline.
--1> ;	

*** No
> ;
> ;	
> 
> %% cicero, catiline & russell
> 	
> member_plural_word_object( quine, now, human_class_word, X)?

*** Yes
X = cicero.
--1> ;

*** Yes
X = catiline.
--1> ;	

*** Yes
X = russell.
--1> ;

*** No
> ;	
> 
> %% cicero, catiline & russell
> 
> member_plural_word_object( quine, now, featherless_biped_class_word, X)?

*** Yes
X = cicero.
--1> ;

*** Yes
X = catiline.
--1> ;	

*** Yes
X = russell.
--1> ;

*** No
> ;	
> 
> %%%%%%%%%%%%%%%%%%%%%%%%%%%%%%%%%%%%%%%%
> %% 6
> %% guarantees idea & object
> 
> %% cicero & catiline
> 	
> 	
> member_plural_idea_object( tom, now, tom_roman_class_idea, X)?

*** Yes
X = cicero.
--1> ;

*** Yes
X = catiline.
--1> ;	

*** No
> 
> %% cicero, catiline & russell
> 
> member_plural_idea_object( quine, now, quine_human_class_idea, X)?

*** Yes
X = cicero.
--1> ;

*** Yes
X = catiline.
--1> ;	

*** Yes
X = russell.
--1> ;

*** No
> ;
> 
> 
> %% cicero, catiline & russell
> 
> member_plural_idea_object( quine, now, quine_featherless_biped_class_idea, X)?

*** Yes
X = cicero.
--1> ;

*** Yes
X = catiline.
--1> ;

*** Yes
X = russell.
--1> ;

*** No
> ;
> 
> %%%%%%%%%%%%%%%%%%%%%%%%%%%%%%%%%%%%%%%%
> %% 7
> %% 
> %% cicero, catiline
> 
> member_plural_word_idea_object( tom, now, roman_class_word,
|    			       tom_roman_class_idea,
|    			       X)?

*** Yes
X = cicero.
--1> ;

*** Yes
X = catiline.
--1> ;

*** No
> 
> %% cicero, catiline & russell
> 
> member_plural_word_idea_object( quine, now, human_class_word,
|    			       quine_human_class_idea,
|    			       X)?

*** Yes
X = cicero.
--1> ;

*** Yes
X = catiline.
--1> ;

*** Yes
X = russell.
--1> ;

*** No
> ;
> 
> %% cicero, catiline & russell
> 
> member_plural_word_idea_object( quine, now, featherless_biped_class_word,
|    			       quine_featherless_biped_class_idea,
|    			       X)?

*** Yes
X = cicero.
--1> ;

*** Yes
X = catiline.
--1> ;

*** Yes
X = russell.
--1> ;

*** No
> ;
> 
> 
> 
> %%%%%%%%%%%%%%%%%%%%%%%%%%%%%%%%%%%%%%%%%%%%%%%%%%%%%%%%%%%%%%%%%%%%
> %% 
> %% 1
> %% NA
> 
> 
> exists_plural_word( tom, now, roman_class_word)? 

*** Yes
--1> 

*** No
> %% 2
> %% NA
> 
> exists_plural_idea( tom, now, tom_roman_class_idea)?

*** Yes
--1> 

*** No
> %%%%%%%%%%%%%%%%%%%%%%%%%%%%%%%%%%%%%%%%%%%%%%%%%%%%%%%%%%%%%%%%%%%%5
> 
> %% 3
> %% NA
> 	
> %%%%%%%%%%%%%%%%%%%%%%%%%%%%%%%%%%%%%%%%%%%%%%%%%%%%%%%%%%%%%%
> 
> %% 4
> %% guarantees word and idea
> 
> exists_plural_word_idea( tom, now, roman_class_word, tom_roman_class_idea)?

*** Yes
--1> 	

*** No
> %%%%%%%%%%%%%%%%%%%%%%%%%%%%%%%%%%%%%%%%%%%%%%%%%%%%%%%%%%%%%%%%%%%%
> %% 5
> %% guarantees word & object
> 
> %% cicero & catiline
> 
> exists_plural_word_object( tom, now, roman_class_word, X)?

*** Yes
X = cicero.
--1> ;

*** Yes
X = catiline.
--1> ;	

*** No
> 
> %%%%%%%%%%%%%%%%%%%%%%%%%%%%%%%%%%%%%%%%
> %% 6
> %% guarantees idea & object
> 
> %% cicero & catiline (& tom's ideas of them) 
> 	
> exists_plural_idea_object( tom, now, tom_roman_class_idea, X)?

*** Yes
X = cicero.
--1> ;

*** Yes
X = catiline.
--1> ;	

*** No
> 
> %%%%%%%%%%%%%%%%%%%%%%%%%%%%%%%%%%%%%%%%
> %% 7
> %% 
> %% cicero & catiline (& words for them) 
> 	
> exists_plural_word_idea_object( tom, now, roman_class_word,
|    			       tom_roman_class_idea,
|    			       X)?

*** Yes
X = cicero.
--1> ;

*** Yes
X = catiline.
--1> ;

*** No
> 
> 
> %%%%%%%%%%%%%%%%%%%%%%%%%%%%%%%%%%%%%%%%%%%%%%%%%%%%%%%%
> %% now equality -- only applies with object specified
> %% 1
> %% NA
> 
> %% 2
> %% NA
> 
> %%%%%%%%%%%%%%%%%%%%%%%%%%%%%%%%%%%%%%%%%%%%%%%%%%%%%%%%%%%%%%%%%%%%5
> 
> %% 3
> %% NA
> 
> %%%%%%%%%%%%%%%%%%%%%%%%%%%%%%%%%%%%%%%%%%%%%%%%%%%%%%%%%%%%%%
> 
> %% 4
> %% NA
> 	
> %%%%%%%%%%%%%%%%%%%%%%%%%%%%%%%%%%%%%%%%%%%%%%%%%%%%%%%%%%%%%%%%%%%%
> %% 5
> %%
> %% TRUE
> 
> equal_plural_words_objects( quine, now,
|    			   human_class_word, featherless_biped_class_word)?

*** Yes
> 
> %% FALSE
> 
> equal_plural_words_objects( quine, now,
|    			   human_roman_word, featherless_biped_class_word)?

*** No
> 
> %%%%%%%%%%%%%%%%%%%%%%%%%%%%%%%%%%%%%%%%
> %% 6
> %% guarantees idea & object
> 
> %% TRUE
> 
> equal_plural_ideas_objects( quine, now,
|    			  quine_human_class_idea, quine_featherless_biped_class_idea)?

*** Yes
> 
> %% FALSE
> 
> equal_plural_ideas_objects( quine, now,
|    			  quine_roman_class_idea, quine_featherless_biped_class_idea)?

*** No
> 	
> %%%%%%%%%%%%%%%%%%%%%%%%%%%%%%%%%%%%%%%%
> %% 7
> %%
> 
> %% FALSE
> 
> equal_plural_words_ideas_objects( quine, now,
|    				 roman_class_word, featherless_biped_class_word,
|    				 quine_roman_class_idea,
|    				 quine_featherless_biped_class_idea)?

*** No
> %% TRUE
> 
> equal_plural_words_ideas_objects( quine, now,
|    				 human_class_word, featherless_biped_class_word,
|    				 quine_human_class_idea,
|    				 quine_featherless_biped_class_idea)?

*** Yes
> 
> %%%%%%%%%%%%%%%%%%%%%%%%%%%%%%%%%%%%%%%%%%%%%%%%%%%%%%%%
> %% now functions -- only applies with object specified
> %% 1
> %% NA
> 
> %%%%%%%%%%%%%%%%%%%%%%%%%%%%%%%%%%%%%%%%%%%%%%%%%%%%%%%%%%%%%%%%%%%%5
> %% 2
> %% NA
> 
> %%%%%%%%%%%%%%%%%%%%%%%%%%%%%%%%%%%%%%%%%%%%%%%%%%%%%%%%%%%%%%%%%%%%5
> 
> %% 3
> %% NA
> 
> %%%%%%%%%%%%%%%%%%%%%%%%%%%%%%%%%%%%%%%%%%%%%%%%%%%%%%%%%%%%%%
> 
> %% 4
> %% NA
> 	
> %%%%%%%%%%%%%%%%%%%%%%%%%%%%%%%%%%%%%%%%%%%%%%%%%%%%%%%%%%%%%%%%%%%%
> %%%%%%%%%%%%%%%%%%%%%%%%%%%%%%%%%%%%%%%%%%%%%%%%%%%%%%%%%%%%%%%%%%%%
> %% 5
> %% guarantees word & object
> 
> %% TRUE
> function_plural_word( tom, now, human_word, human_class_word)?

*** Yes
--1> 

*** No
> %% FALSE some humans are not roman
> function_plural_word( tom, now, roman_word, human_class_word)?

*** No
> 
> %% FALSE
> function_plural_word( tom, now, dolphin_word, human_class_word)?

*** No
> 
> %%%%%%%%%%%%%%%%%%%%%%%%%%%%%%%%%%%%%%%%
> %% 6
> %% guarantees idea & object
> 
> %% TRUE
> function_plural_idea( tom, now, tom_human_idea, quine_human_class_idea)?

*** Yes
--1> 

*** No
> %% FALSE
> function_plural_idea( tom, now, tom_roman_idea, quine_human_class_idea)?

*** No
> 
> %% FALSE
> function_plural_idea( tom, now, tom_dolphin_idea, quine_human_class_idea)?

*** No
> 
> %%%%%%%%%%%%%%%%%%%%%%%%%%%%%%%%%%%%%%%%
> %% 7
> %% 
> %% TRUE
> 
> function_plural_word_idea( tom, now, human_word, human_class_word,
|    				 tom_human_class_idea)?

*** Yes
--1> 

*** No
> %% FALSE
> function_plural_word_idea( tom, now, roman_word, human_class_word,
|    				 tom_roman_class_idea)?

*** No
> 
> %% FALSE
> function_plural_word_idea( tom, now, dolphin_word, roman_class_word,
|    				 tom_roman_class_idea)?

*** No
> 
> write_stats(Ignore)?
I am not sure of units here
Clock Time 1.61456 Seconds
CPU Time 16.6667 Milliseconds

*** Yes
Ignore = @.
--1> 

*** No
> halt?

