
*** Yes

*** Yes

*** Yes

*** Yes

*** Yes

*** Yes

*** Yes

*** Yes

*** Yes

*** Yes

*** Yes
> > > > > > > > > > > > > > > > > > > > > > > > > > > > > > > > > > > > > > > > > > > > > > > > > > > > > > > 
*** Yes
> 
> write_time(Ignore)?
Time Skipped for Test Suite

*** Yes
Ignore = @.
--1> 

*** No
> %% I indicate for each query whether the immediate response should be
> %% TRUE = Yes or FALSE = No
> 
> %% There may be subsequient No responses - as I may have asked for additional answers with semicolons.
> 
> %% There are 7 relations of both understanding and belief.
> %% Those of understanding are defined in terms of rrrr and ssss
> %% Those of belief require also a belief_in_ideas relation.
> 
> %% The 7 cases are:
> 
> %% words
> %% ideas
> %% objects
> 
> %% words_ideas
> %% words_objects
> %% ideas_objects
> 
> %% words_ideas_objects
> 
> 
> %% 
> %% 1
> %% only guarantees word & idea exist
> %% NA
> 
> %% 2
> %% only quarantees singular idea exists 
> 
> %% NA
> 
> %%%%%%%%%%%%%%%%%%%%%%%%%%%%%%%%%%%%%%%%%%%%%%%%%%%%%%%%%%%%%%%%%%%%5
> 
> %% 3
> %% Guarantees Object with Idea exists
> 
> %%%%%%%%%%%%%%%%%%%%%%%%%%%%%%%%%%%%%%%%%%%%%%%%%%%%%%%%%%%%%%
> 
> %% 4
> %% guarantees word and idea
> 
> %% NA
> 	
> %%%%%%%%%%%%%%%%%%%%%%%%%%%%%%%%%%%%%%%%%%%%%%%%%%%%%%%%%%%%%%%%%%%%
> %% 5
> %% guarantees word & object
> 
> %% TRUE
> exists_singular_word_object( tom_dc, now, W, O)?

*** Yes
O = tom_cicero_dc, W = cicero_word_dc.
--1> ;

*** Yes
O = tom_tully_dc, W = tully_word_dc.
--1> ;

*** Yes
O = catiline_dc, W = catiline_word_dc.
--1> ;

*** Yes
O = quine_dc, W = quine_word_dc.
--1> ;

*** Yes
O = tom_dc, W = tom_word_dc.
--1> ;

*** Yes
O = russell_dc, W = russell_word_dc.
--1> ;

*** Yes
O = wrote_DeSenectute_rel, W = wrote_DeSenectute_word_dc.
--1> ;

*** Yes
O = denounced_rel, W = denounced_word_dc.
--1> ;

*** Yes
O = roman_rel, W = roman_word_dc.
--1> 	

*** No
> 
> %%%%%%%%%%%%%%%%%%%%%%%%%%%%%%%%%%%%%%%%
> %% 6
> %% guarantees idea & object
> 
> %% TRUE
> exists_singular_idea_object( tom_dc, now, I, O)?

*** Yes
I = tom_tom_idea_dc, O = tom_dc.
--1> ;

*** Yes
I = tom_russell_idea_dc, O = russell_dc.
--1> ;

*** Yes
I = tom_quine_idea_dc, O = quine_dc.
--1> ;

*** Yes
I = tom_cicero_idea_dc, O = tom_cicero_dc.
--1> ;

*** Yes
I = tom_tully_idea_dc, O = tom_tully_dc.
--1> ;

*** Yes
I = tom_catiline_idea_dc, O = catiline_dc.
--1> ;

*** Yes
I = tom_denounced_idea_dc, O = denounced_rel.
--1> ;

*** Yes
I = tom_wrote_DeSenectute_idea_dc, O = wrote_DeSenectute_rel.
--1> ;

*** Yes
I = tom_human_idea_dc, O = human_rel.
--1> 	

*** No
> 	
> %%%%%%%%%%%%%%%%%%%%%%%%%%%%%%%%%%%%%%%%
> %% 7
> %%
> 
> %% TRUE
> exists_singular_word_idea_object( tom_dc, now, W, I, O)?

*** Yes
I = tom_cicero_idea_dc, O = tom_cicero_dc, W = cicero_word_dc.
--1> ;

*** Yes
I = tom_tully_idea_dc, O = tom_tully_dc, W = tully_word_dc.
--1> ;

*** Yes
I = tom_catiline_idea_dc, O = catiline_dc, W = catiline_word_dc.
--1> ;

*** Yes
I = tom_quine_idea_dc, O = quine_dc, W = quine_word_dc.
--1> ;

*** Yes
I = tom_tom_idea_dc, O = tom_dc, W = tom_word_dc.
--1> ;

*** Yes
I = tom_russell_idea_dc, O = russell_dc, W = russell_word_dc.
--1> ;

*** Yes
I = tom_wrote_DeSenectute_idea_dc, 
O = wrote_DeSenectute_rel, 
W = wrote_DeSenectute_word_dc.

--1> ;

*** Yes
I = tom_denounced_idea_dc, O = denounced_rel, W = denounced_word_dc.
--1> ;

*** Yes
I = tom_roman_idea_dc, O = roman_rel, W = roman_word_dc.
--1> 	

*** No
> 
> %%%%%%%%%%%%%%%%%%%%%%%%%%%%%%%%%%%%%%%%%%%%%%%%%%%%%%%%
> %% now equality -- only applies with object specified
> %% 1
> %% NA
> 
> %% 2
> %% NA
> 
> %%%%%%%%%%%%%%%%%%%%%%%%%%%%%%%%%%%%%%%%%%%%%%%%%%%%%%%%%%%%%%%%%%%%5
> 
> %% 3
> %% Guarantees Object with Idea exists
> 
> %% TRUE
> equal_singular_objects( tom_dc, now, O1, O2)?

*** Yes
O1 = tom_dc, O2 = tom_dc.
--1> ;

*** Yes
O1 = russell_dc, O2 = russell_dc.
--1> ;

*** Yes
O1 = quine_dc, O2 = quine_dc.
--1> ;

*** Yes
O1 = tom_cicero_dc, O2 = tom_cicero_dc.
--1> ;

*** Yes
O1 = tom_tully_dc, O2 = tom_tully_dc.
--1> ;

*** Yes
O1 = catiline_dc, O2 = catiline_dc.
--1> ;

*** Yes
O1 = denounced_rel, O2 = denounced_rel.
--1> ;

*** Yes
O1 = denounced_rel, O2 = wrote_DeSenectute_rel.
--1> ;

*** Yes
O1 = denounced_rel, O2 = human_rel.
--1> 	

*** No
> 
> %%%%%%%%%%%%%%%%%%%%%%%%%%%%%%%%%%%%%%%%%%%%%%%%%%%%%%%%%%%%%%
> 
> %% 4
> %% NA
> 	
> %%%%%%%%%%%%%%%%%%%%%%%%%%%%%%%%%%%%%%%%%%%%%%%%%%%%%%%%%%%%%%%%%%%%
> %% 5
> %% guarantees word & object
> 
> %% TRUE
> equal_singular_words_objects( quine_dc, now, W1, W1, O1, O2)?

*** Yes
O1 = cicero_dc, O2 = cicero_dc, W1 = cicero_word_dc.
--1> ;

*** Yes
O1 = tully_dc, O2 = tully_dc, W1 = tully_word_dc.
--1> ;

*** Yes
O1 = catiline_dc, O2 = catiline_dc, W1 = catiline_word_dc.
--1> ;

*** Yes
O1 = catiline_dc, O2 = catiline_dc, W1 = catiline_word_dc.
--1> ;

*** Yes
O1 = catiline_dc, O2 = catiline_dc, W1 = catiline_word_dc.
--1> ;

*** Yes
O1 = catiline_dc, O2 = catiline_dc, W1 = catiline_word_dc.
--1> ;

*** Yes
O1 = quine_dc, O2 = quine_dc, W1 = quine_word_dc.
--1> ;

*** Yes
O1 = tom_dc, O2 = tom_dc, W1 = tom_word_dc.
--1> ;

*** Yes
O1 = russell_dc, O2 = russell_dc, W1 = russell_word_dc.
--1> 	

*** No
> 
> %%%%%%%%%%%%%%%%%%%%%%%%%%%%%%%%%%%%%%%%
> %% 6
> %% guarantees idea & object
> 
> %% TRUE
> equal_singular_ideas_objects( quine_dc, now, I1, I2, O1, O2)?

*** Yes
I1 = quine_tom_idea_dc, I2 = quine_tom_idea_dc, O1 = tom_dc, O2 = tom_dc.
--1> ;

*** Yes
I1 = quine_catiline_idea_dc, 
I2 = quine_catiline_idea_dc, 
O1 = catiline_dc, 
O2 = catiline_dc.

--1> ;

*** Yes
I1 = quine_catiline_idea_dc, 
I2 = quine_catiline_idea_dc, 
O1 = catiline_dc, 
O2 = catiline_dc.

--1> ;

*** Yes
I1 = quine_russell_idea_dc, 
I2 = quine_russell_idea_dc, 
O1 = russell_dc, 
O2 = russell_dc.

--1> ;

*** Yes
I1 = quine_cicero_idea_dc, 
I2 = quine_cicero_idea_dc, 
O1 = cicero_dc, 
O2 = cicero_dc.

--1> ;

*** Yes
I1 = quine_cicero_idea_dc, 
I2 = quine_tully_idea_dc, 
O1 = cicero_dc, 
O2 = tully_dc.

--1> ;

*** Yes
I1 = quine_tully_idea_dc, 
I2 = quine_cicero_idea_dc, 
O1 = tully_dc, 
O2 = cicero_dc.

--1> ;

*** Yes
I1 = quine_tully_idea_dc, 
I2 = quine_tully_idea_dc, 
O1 = tully_dc, 
O2 = tully_dc.

--1> ;

*** Yes
I1 = quine_quine_idea_dc, 
I2 = quine_quine_idea_dc, 
O1 = quine_dc, 
O2 = quine_dc.

--1> 	

*** No
> 	
> %%%%%%%%%%%%%%%%%%%%%%%%%%%%%%%%%%%%%%%%
> %% 7
> %%
> %% TRUE
> equal_singular_words_ideas_objects( quine_dc, now, W1, W2,
|    				   I1, I2,
|    				   O1, O2)?

*** Yes
I1 = quine_cicero_idea_dc, 
I2 = quine_cicero_idea_dc, 
O1 = cicero_dc, 
O2 = cicero_dc, 
W1 = cicero_word_dc, 
W2 = cicero_word_dc.

--1> ;

*** Yes
I1 = quine_cicero_idea_dc, 
I2 = quine_tully_idea_dc, 
O1 = cicero_dc, 
O2 = tully_dc, 
W1 = cicero_word_dc, 
W2 = tully_word_dc.

--1> ;

*** Yes
I1 = quine_tully_idea_dc, 
I2 = quine_cicero_idea_dc, 
O1 = tully_dc, 
O2 = cicero_dc, 
W1 = tully_word_dc, 
W2 = cicero_word_dc.

--1> ;

*** Yes
I1 = quine_tully_idea_dc, 
I2 = quine_tully_idea_dc, 
O1 = tully_dc, 
O2 = tully_dc, 
W1 = tully_word_dc, 
W2 = tully_word_dc.

--1> ;

*** Yes
I1 = quine_catiline_idea_dc, 
I2 = quine_catiline_idea_dc, 
O1 = catiline_dc, 
O2 = catiline_dc, 
W1 = catiline_word_dc, 
W2 = catiline_word_dc.

--1> ;

*** Yes
I1 = quine_catiline_idea_dc, 
I2 = quine_catiline_idea_dc, 
O1 = catiline_dc, 
O2 = catiline_dc, 
W1 = catiline_word_dc, 
W2 = catiline_word_dc.

--1> ;

*** Yes
I1 = quine_catiline_idea_dc, 
I2 = quine_catiline_idea_dc, 
O1 = catiline_dc, 
O2 = catiline_dc, 
W1 = catiline_word_dc, 
W2 = catiline_word_dc.

--1> ;

*** Yes
I1 = quine_catiline_idea_dc, 
I2 = quine_catiline_idea_dc, 
O1 = catiline_dc, 
O2 = catiline_dc, 
W1 = catiline_word_dc, 
W2 = catiline_word_dc.

--1> ;

*** Yes
I1 = quine_quine_idea_dc, 
I2 = quine_quine_idea_dc, 
O1 = quine_dc, 
O2 = quine_dc, 
W1 = quine_word_dc, 
W2 = quine_word_dc.

--1> 	

*** No
> 
> %%%%%%%%%%%%%%%%%%%%%%%%%%%%%%%%%%%%%%%%%%%%%%%%%%%%%%%%
> %% now functions -- only applies with object specified
> %% 1
> %% NA
> 
> %% 2
> %% NA
> 
> %%%%%%%%%%%%%%%%%%%%%%%%%%%%%%%%%%%%%%%%%%%%%%%%%%%%%%%%%%%%%%%%%%%%5
> 
> %% 3
> %% Guarantees Object exists
> 
> %% TRUE
> function_singular_object( tom_dc, now, F, O)?

*** Yes
F = human_rel, O = tom_dc.
--1> ;

*** Yes
F = human_rel, O = russell_dc.
--1> ;

*** Yes
F = human_rel, O = quine_dc.
--1> ;

*** Yes
F = human_rel, O = quine_dc.
--1> ;

*** Yes
F = human_rel, O = tom_cicero_dc.
--1> ;

*** Yes
F = human_rel, O = catiline_dc.
--1> ;

*** Yes
F = human_rel, O = catiline_dc.
--1> ;

*** Yes
F = roman_rel, O = catiline_dc.
--1> ;

*** Yes
F = roman_rel, O = catiline_dc.
--1> 	

*** No
> 
> %%%%%%%%%%%%%%%%%%%%%%%%%%%%%%%%%%%%%%%%%%%%%%%%%%%%%%%%%%%%%%
> 
> %% 4
> %% NA
> 	
> %%%%%%%%%%%%%%%%%%%%%%%%%%%%%%%%%%%%%%%%%%%%%%%%%%%%%%%%%%%%%%%%%%%%
> %% 5
> %% guarantees word & object
> 
> %% TRUE
> function_singular_word_object( tom_dc, now, F, W, O)?

*** Yes
F = roman_word_dc, O = catiline_dc, W = catiline_word_dc.
--1> ;

*** Yes
F = roman_word_dc, O = catiline_dc, W = catiline_word_dc.
--1> ;

*** Yes
F = human_word_dc, O = tom_cicero_dc, W = cicero_word_dc.
--1> ;

*** Yes
F = human_word_dc, O = catiline_dc, W = catiline_word_dc.
--1> ;

*** Yes
F = human_word_dc, O = catiline_dc, W = catiline_word_dc.
--1> ;

*** Yes
F = human_word_dc, O = quine_dc, W = quine_word_dc.
--1> ;

*** Yes
F = human_word_dc, O = quine_dc, W = quine_word_dc.
--1> ;

*** Yes
F = human_word_dc, O = tom_dc, W = tom_word_dc.
--1> ;

*** Yes
F = human_word_dc, O = russell_dc, W = russell_word_dc.
--1> 	

*** No
> 
> %%%%%%%%%%%%%%%%%%%%%%%%%%%%%%%%%%%%%%%%
> %% 6
> %% guarantees idea & object
> 
> %% TRUE
> function_singular_idea_object( tom_dc, now, F, I, O)?

*** Yes
F = tom_human_idea_dc, I = tom_tom_idea_dc, O = tom_dc.
--1> ;

*** Yes
F = tom_human_idea_dc, I = tom_russell_idea_dc, O = russell_dc.
--1> ;

*** Yes
F = tom_human_idea_dc, I = tom_quine_idea_dc, O = quine_dc.
--1> ;

*** Yes
F = tom_human_idea_dc, I = tom_quine_idea_dc, O = quine_dc.
--1> ;

*** Yes
F = tom_human_idea_dc, I = tom_cicero_idea_dc, O = tom_cicero_dc.
--1> ;

*** Yes
F = tom_human_idea_dc, I = tom_catiline_idea_dc, O = catiline_dc.
--1> ;

*** Yes
F = tom_human_idea_dc, I = tom_catiline_idea_dc, O = catiline_dc.
--1> ;

*** Yes
F = tom_roman_idea_dc, I = tom_catiline_idea_dc, O = catiline_dc.
--1> ;

*** Yes
F = tom_roman_idea_dc, I = tom_catiline_idea_dc, O = catiline_dc.
--1> 	

*** No
> 	
> %%%%%%%%%%%%%%%%%%%%%%%%%%%%%%%%%%%%%%%%
> %% 7
> %%
> %% TRUE
> function_singular_word_idea_object( tom_dc, now,
|    				   F, W,
|    				   I, O)?

*** Yes
F = roman_word_dc, 
I = tom_catiline_idea_dc, 
O = catiline_dc, 
W = catiline_word_dc.

--1> ;

*** Yes
F = roman_word_dc, 
I = tom_catiline_idea_dc, 
O = catiline_dc, 
W = catiline_word_dc.

--1> ;

*** Yes
F = human_word_dc, 
I = tom_cicero_idea_dc, 
O = tom_cicero_dc, 
W = cicero_word_dc.

--1> ;

*** Yes
F = human_word_dc, 
I = tom_catiline_idea_dc, 
O = catiline_dc, 
W = catiline_word_dc.

--1> ;

*** Yes
F = human_word_dc, 
I = tom_catiline_idea_dc, 
O = catiline_dc, 
W = catiline_word_dc.

--1> ;

*** Yes
F = human_word_dc, I = tom_quine_idea_dc, O = quine_dc, W = quine_word_dc.
--1> ;

*** Yes
F = human_word_dc, I = tom_quine_idea_dc, O = quine_dc, W = quine_word_dc.
--1> ;

*** Yes
F = human_word_dc, I = tom_tom_idea_dc, O = tom_dc, W = tom_word_dc.
--1> ;

*** Yes
F = human_word_dc, I = tom_russell_idea_dc, O = russell_dc, W = russell_word_dc.
--1> 	

*** No
> 
> write_stats(Ignore)?
Stats Skipped for Test Suite

*** Yes
Ignore = @.
--1> 

*** No
> halt?

