
*** Yes

*** Yes

*** Yes

*** Yes

*** Yes

*** Yes

*** Yes
> > > > > > > > > > > > > > > > > > 
*** Yes
> 
> %% This file uses queries to demonstrate my points about true belief
> 
> %% This is an example with a mini universe for queries of high complexity.
> 
> %% I use an example from Quine's Word & Object. (pp.144-151).
> 
> %% The Story of Cicero and Catiline is given
> %% in _Caesar and Christ_, by Will Durant, pp. 140-147.
> 
> %% "Tully" is not in the index of that work (or "De Senectute").
> 
> %% Wikipedia gives the full name as "Marcus Tullius Cicero"
> %% and notes "The name is infrequently anglicized as Tully."
> %% It also does not mention "De Senectute".
> 
> %% "De Senectute" is in Wikipedia under "Writings of Cicero"
> 
> %% Tom believes that Cicero denounced Catiline.
> %% Tom does not know Cicero = Tully.
> 
> %% In my philosophy, for Tom at that time,
> %% "Cicero" R Toms_idea_of_Cicero
> %% and
> %% Toms_idea of_Cicero S Cicero
> %%
> %%
> %% but not 
> %% "Cicero" R Toms_idea_of_Tully
> %% 
> %%
> %% In my program the relation R is represented by the predicate
> %% rrrr(Subject, Time, Type, Word, Idea)
> %% In my program the relation S is represented by the predicate
> %% ssss(Subject, Time, Type, Idea, Object)
> 
> %% R | S is represented by rrss
> 
> 
> write_time(Ignore)?
Time Skipped for Test Suite

*** Yes
Ignore = @.
--1> 

*** No
> %% I indicate for each query whether the immediate response should be
> %% TRUE = Yes or FALSE = No
> 
> %% There may be subsequient No responses - as I may have asked for additional answers with semicolons.
> 
> %% There are 7 relations of both understanding and belief.
> %% Those of understanding are defined in terms of rrrr and ssss
> %% Those of belief require also a belief_in_ideas relation.
> 
> %% The 7 cases are:
> 
> %% words
> %% ideas
> %% objects
> 
> %% words_ideas
> %% words_objects
> %% ideas_objects
> 
> %% words_ideas_objects
> 
> 
> 
> %%%%%%%%%%%%%%%%%%%%%%%%%%%%%%%%%%%%%%%%%%%%%%%%%%%%%%%%%%%%%%%%%%%%
> %%% BELIEF
> %%%%%%%%%%%%%%%%%%%%%%%%%%%%%%%%%%%%%%%%%%%%%%%%%%%%%%%%%%%%%%%%%%%%
> 
> %% Checks on True Belief follow.
> 
> %%%%%%%%%%%%%%%%%%%%%%%%
> %% IDEAS
> %%%%%%%%%%%%%%%%%%%%%%%%
> 
> %% Next should be TRUE
> 
> %% Note here are just lists of ideas - not lists of lists
> 
> %% Next should be TRUE
> 
> believes_in_ideas4( tom, now,
|         [top, [tom_denounced_idea,
|          tom_cicero_idea,
|          tom_catiline_idea]])?

*** Yes
--1> 

*** No
> %% Next should be TRUE
> 
> believes_in_ideas4( tom, now,
|         [top, [tom_roman_idea,
|          tom_catiline_idea]])?

*** Yes
--1> 

*** No
> 
> %% Next should be TRUE - I have tom believing it although it is false
> 
> believes_in_ideas4( tom, now,
|         [top, [tom_denounced_idea,
|          tom_quine_idea,
|          tom_catiline_idea]])?

*** Yes
--1> 

*** No
> %% Next should be FALSE -- not a belief
> 
> believes_in_ideas4( tom, now,
|         [top, [tom_denounced_idea,
|          tom_tully_idea,
|          tom_catiline_idea]])?

*** No
> 
> %% Next should be FALSE -- wrong type
> 
> believes_in_ideas4( tom, now,
|         [top, [tom_tully_idea,
|          tom_tully_idea,
|          tom_catiline_idea]])?

*** No
> 
> %% Next should be FALSE -- wrong type
> 
> believes_in_ideas4( tom, now,
|         [top, [tom_denounced_idea,
|          tom_tully_idea,
|          tom_denounced_idea]])?

*** No
> 
> %% Next should be FALSE -- wrong arity
> 
> believes_in_ideas4( tom, now,
|         [top, [tom_denounced_idea,
|    	    tom_cicero_idea]])?

*** No
> 
> %%%%%%%% NOW TRY NAND
> 
> %% Next should be FALSE -- BOTH TRUE
> 
> believes_in_ideas4( tom, now,
|         [nand,
|          [tom_denounced_idea,
|          tom_cicero_idea,
|           tom_catiline_idea],
|          [tom_denounced_idea,
|          tom_cicero_idea,
|           tom_catiline_idea]])?

*** No
> 
> %% Next should be TRUE -- USED FALSE above as SECOND
> 
> believes_in_ideas4( tom, now,
|         [nand,
|          [tom_denounced_idea,
|          tom_cicero_idea,
|           tom_catiline_idea],
|          [nand,
|          [tom_denounced_idea,
|          tom_cicero_idea,
|           tom_catiline_idea],
|          [tom_denounced_idea,
|          tom_cicero_idea,
|           tom_catiline_idea]]])?

*** No
> 
> %%%%%%%%%%%%%%%%%%%%%%%%
> %% WORDS
> %%%%%%%%%%%%%%%%%%%%%%%%
> 
> %% Next should be TRUE
> 
> believes_words( tom, now, [top, 
|         [[denounced_word],
|          [cicero_word],
|          [catiline_word]]])?

*** Yes
--1> 

*** No
> %% Next should be FALSE
> 
> believes_words( tom, now, [nand, 
|         [[denounced_word],
|          [cicero_word],
|          [catiline_word]],
|         [[denounced_word],
|          [cicero_word],
|          [catiline_word]]])?

*** No
> 
> %% Next should be TRUE
> 
> believes_words( tom, now, [top, 
|         [[roman_word],
|          [catiline_word]]])?

*** Yes
--1> 

*** No
> %% Next should be FALSE - I have tom believing it but it is FALSE
> 
> believes_words( tom, now, [top, 
|         [[denounced_word],
|          [quine_word],
|          [catiline_word]]])?

*** Yes
--1> 

*** No
> %% Next should be FALSE
> 
> believes_words( tom, now, [top, 
|         [[denounced_word],
|          [tully_word],
|          [catiline_word]]])?

*** No
> 
> %% Next should be FALSE -- wrong type
> 
> believes_words( tom, now, [top, 
|         [[tully_word],
|          [tully_word],
|          [catiline_word]]])?

*** No
> 
> %% Next should be FALSE -- wrong type
> 
> believes_words( tom, now, [top,
|         [[denounced_word],
|          [tully_word],
|          [denounced_word]]])?

*** No
> 
> %% Next should be FALSE -- wrong arity
> 
> believes_words( tom, now, [top,
|         [[denounced_word],
|          [cicero_word]]])?

*** No
> 
> %%%%%%%% NOW TRY NAND
> 
> %% Next should be FALSE -- BOTH TRUE
> 
> believes_words( tom, now,
|         [nand,
|          [[denounced_word],
|          [cicero_word],
|           [catiline_word]],
|          [[denounced_word],
|          [cicero_word],
|           [catiline_word]]])?

*** No
> 
> %% Next should be TRUE -- USED FALSE above as SECOND
> 
> believes_words( tom, now,
|         [nand,
|          [[denounced_word],
|          [cicero_word],
|           [catiline_word]],
|          [nand,
|          [[denounced_word],
|          [cicero_word],
|           [catiline_word]],
|          [[denounced_word],
|          [cicero_word],
|           [catiline_word]]]])?

*** Yes
--1> 

*** No
> %%%%%%%%%%%%%%%%%%%%%%%%
> %% OBJECTS
> %%%%%%%%%%%%%%%%%%%%%%%%
> 
> %% Next should be TRUE
> 
> believes_objects( tom, now,
|         [top, [[denounced],
|          [cicero],
|          [catiline]]])?

*** Yes
--1> 

*** No
> %% Next should be TRUE
> 
> believes_objects( tom, now,
|         [top, [[roman],
|          [catiline]]])?

*** Yes
--1> 

*** No
> %% Next should be FALSE - I have tom believing it but it is FALSE
> 
> believes_objects( tom, now,
|         [top, [[denounced],
|          [quine],
|          [catiline]]])?

*** Yes
--1> 

*** No
> %% Next should be FALSE -- there is no (separate) object tully
> 
> believes_objects( tom, now,
|         [top, [[denounced],
|          [tully],
|          [catiline]]])?

*** No
> 
> %% Next should be FALSE -- wrong type
> 
> believes_objects( tom, now,
|         [top, [[tully],
|          [tully],
|          [catiline]]])?

*** No
> 
> %% Next should be FALSE -- wrong type
> 
> believes_objects( tom, now,
|         [top, [[denounced],
|          [tully],
|          [denounced]]])?

*** No
> 
> %% Next should be FALSE -- wrong arity
> 
> believes_objects( tom, now,
|         [top, [[denounced],
|          [cicero]]])?

*** No
> 
> %%%%%%%%%%%%%%
> %% now nand
> %% Next should be FALSE -- BOTH TRUE
> 
> believes_objects( tom, now,
|         [nand, 
|          [[denounced],
|           [cicero],
|           [catiline]],
|          [[denounced],
|           [cicero],
|           [catiline]]])?

*** No
> 
> %% Next should be TRUE - SECOND FALSE
> 
> believes_objects( tom, now,
|         [nand, 
|          [[denounced],
|           [cicero],
|           [catiline]],
|          [nand,
|           [[[denounced],
|    	[cicero],
|    	[catiline]],
|           [[denounced],
|    	[cicero],
|    	[catiline]]]]])?

*** Yes
--1> 

*** No
> %%%%%%%%%%%%%%%%%%%%%%%%
> %% WORDS_IDEAS
> %%%%%%%%%%%%%%%%%%%%%%%%
> 
> %% Next should be TRUE
> 
> believes_words_ideas( tom, now,
|         [top, [[roman_word, tom_roman_idea],
|          [catiline_word, tom_catiline_idea]]])?

*** Yes
--1> 

*** No
> %% Next should be FALSE - I have tom believing it but it as false
> 
> believes_words_ideas( tom, now,
|         [top, [[denounced_word, tom_denounced_idea],
|          [quine_word, tom_quine_idea],
|          [catiline_word, tom_catiline_idea]]])?

*** Yes
--1> 

*** No
> %% Next should be FALSE -- not a belief
> 
> believes_words_ideas( tom, now,
|         [top, [[denounced_word, tom_denounced_idea],
|          [tully_word, tom_tully_idea],
|          [catiline_word, tom_catiline_idea]]])?

*** No
> 
> %% Next should be FALSE -- wrong type
> 
> believes_words_ideas( tom, now,
|         [top, [[tully_word, tom_tully_idea],
|          [tully_word, tom_tully_idea],
|          [catiline_word, tom_catiline_idea]]])?

*** No
> 
> %% Next should be FALSE -- wrong type
> 
> believes_words_ideas( tom, now,
|         [top, [[denounced_word, tom_denounced_idea],
|          [tully_word, tom_tully_word],
|          [denounced_word, tom_denounced_idea]]])?

*** No
> 
> %% Next should be FALSE -- wrong arity
> 
> believes_words_ideas( tom, now,
|         [top, [[denounced_word, tom_denounced_idea],
|          [cicero_word, tom_cicero_idea]]])?

*** No
> 
> %% Next should be FALSE -- wrong rrrr relation for tully_word
> 
> believes_words_ideas( tom, now,
|         [top, [[denounced_word, tom_denounced_idea],
|          [tully_word, tom_cicero_idea],
|          [catiline_word, tom_catiline_idea]]])?

*** No
> 
> %% Next should be FALSE -- wrong rrrr relation for cicero_word
> 
> believes_words_ideas( tom, now,
|         [top, [[denounced_word, tom_denounced_idea],
|          [cicero_word, tom_tully_idea],
|          [catiline_word, tom_catiline_idea]]])?

*** No
> 
> %%%%%%%%%%%%%%
> %% now nand
> %% Next should be FALSE -- BOTH TRUE
> 
> believes_words_ideas( tom, now,
|         [nand, 
|          [[denounced_word, tom_denounced_idea],
|           [cicero_word, tom_cicero_idea],
|           [catiline_word, tom_catiline_idea]],
|          [[denounced_word, tom_denounced_idea],
|           [cicero_word, tom_cicero_idea],
|           [catiline_word, tom_catiline_idea]]])?

*** No
> 
> %% Next should be TRUE - SECOND FALSE
> 
> believes_words_ideas( tom, now,
|         [nand, 
|          [[denounced_word, tom_denounced_idea],
|           [cicero_word, tom_cicero_idea],
|           [catiline_word, tom_catiline_idea]],
|          [nand,
|          [[[denounced_word, tom_denounced_idea],
|           [cicero_word, tom_cicero_idea],
|           [catiline_word, tom_catiline_idea]],
|          [[denounced_word, tom_denounced_idea],
|           [cicero_word, tom_cicero_idea],
|           [catiline_word, tom_catiline_idea]]]]])?

*** Yes
--1> 

*** No
> 
> %%%%%%%%%%%%%%%%%%%%%%%%
> %% WORDS_OBJECTS
> %%%%%%%%%%%%%%%%%%%%%%%%
> 
> %% Next should be TRUE
> 
> believes_words_objects( tom, now,
|         [top, [[denounced_word, denounced],
|          [cicero_word, cicero],
|          [catiline_word, catiline]]])?

*** Yes
--1> 

*** No
> %% Next should be TRUE
> 
> believes_words_objects( tom, now,
|         [top, [[roman_word, roman],
|          [catiline_word, catiline]]])?

*** Yes
--1> 

*** No
> %% Next should be FALSE - tom believes - but it is FALSE
> 
> believes_words_objects( tom, now,
|         [top, [[denounced_word, denounced],
|          [quine_word, quine],
|          [catiline_word, catiline]]])?

*** Yes
--1> 

*** No
> %% Next should be FALSE -- not a belief
> 
> believes_words_objects( tom, now,
|         [top,[[denounced_word, denounced],
|          [tully_word, cicero],
|          [catiline_word, catiline]]])?

*** No
> 
> %% Next should be FALSE -- wrong type  HEREHERE
> 
> believes_words_objects( tom, now,
|         [top, [[tully_word, tully],
|          [tully_word, tully],
|          [catiline_word, catiline]]])?

*** No
> 
> %% Next should be FALSE -- wrong type
> 
> believes_words_objects( tom, now,
|         [top, [[denounced_word, denounced],
|          [tully_word, tully],
|          [denounced_word, denounced]]])?

*** No
> 
> %% Next should be FALSE -- wrong arity
> 
> believes_words_objects( tom, now,
|         [top, [[denounced_word, denounced],
|          [cicero_word, cicero]]])?

*** No
> 
> %%%%%%%%%%%%%%
> %% now nand
> %% Next should be FALSE -- BOTH TRUE
> 
> believes_words_objects( tom, now,
|         [nand, 
|          [[denounced_word, denounced],
|           [cicero_word, cicero],
|           [catiline_word, catiline]],
|          [[denounced_word, denounced],
|           [cicero_word, cicero],
|           [catiline_word, catiline]]])?

*** No
> 
> %% Next should be TRUE - SECOND FALSE
> 
> believes_words_objects( tom, now,
|         [nand, 
|          [[denounced_word, denounced],
|           [cicero_word, cicero],
|           [catiline_word, catiline]],
|          [nand,
|          [[[denounced_word, denounced],
|           [cicero_word, cicero],
|           [catiline_word, catiline]],
|          [[denounced_word, denounced],
|           [cicero_word, cicero],
|           [catiline_word, catiline]]]]])?

*** Yes
--1> 

*** No
> %%%%%%%%%%%%%%%%%%%%%%%%
> %% IDEAS_OBJECTS
> %%%%%%%%%%%%%%%%%%%%%%%%
> 
> %% Next should be TRUE
> 
> believes_ideas_objects( tom, now,
|         [top, [[tom_denounced_idea, denounced],
|          [tom_cicero_idea, cicero],
|          [tom_catiline_idea, catiline]]])?

*** Yes
--1> 

*** No
> %% Next should be TRUE
> 
> believes_ideas_objects( tom, now,
|         [top, [[tom_roman_idea, roman],
|          [tom_catiline_idea, catiline]]])?

*** Yes
--1> 

*** No
> %% Next should be FALSE
> 
> believes_ideas_objects( tom, now,
|         [top, [[tom_denounced_idea, denounced],
|          [tom_quine_idea, quine],
|          [tom_catiline_idea, catiline]]])?

*** Yes
--1> 

*** No
> %% Next should be FALSE -- not a belief
> 
> believes_ideas_objects( tom, now,
|         [top, [[tom_denounced_idea, denounced],
|          [tom_tully_idea, cicero],
|          [tom_catiline_idea, catiline]]])?

*** No
> 
> %% Next should be FALSE -- wrong type
> 
> believes_ideas_objects( tom, now,
|         [top, [[tom_tully_idea, tully],
|          [tom_tully_idea, tully],
|          [tom_catiline_idea, catiline]]])?

*** No
> 
> %% Next should be FALSE -- wrong type
> 
> believes_ideas_objects( tom, now,
|         [top, [[tom_denounced_idea, denounced],
|          [tom_tully_idea, tully],
|          [tom_denounced_idea, denounced]]])?

*** No
> 
> %% Next should be FALSE -- wrong arity
> 
> believes_ideas_objects( tom, now,
|         [top, [[tom_denounced_idea, denounced],
|          [tom_cicero_idea, cicero]]])?

*** No
> 
> %%%%%%%%%%%%%%
> %% now nand
> %% Next should be FALSE -- BOTH TRUE
> 
> believes_ideas_objects( tom, now,
|         [nand, 
|          [[tom_denounced_idea, denounced],
|           [tom_cicero_idea, cicero],
|           [tom_catiline_idea, catiline]],
|          [[tom_denounced_idea, denounced],
|           [tom_cicero_idea, cicero],
|           [tom_catiline_idea, catiline]]])?

*** No
> 
> %% Next should be TRUE - SECOND FALSE
> 
> believes_words_objects( tom, now,
|         [nand, 
|          [[tom_denounced_idea, denounced],
|           [tom_cicero_idea, cicero],
|           [tom_catiline_idea, catiline]],
|          [nand,
|          [[tom_denounced_idea, denounced],
|           [tom_cicero_idea, cicero],
|           [tom_catiline_idea, catiline]],
|          [[tom_denounced_idea, denounced],
|           [tom_cicero_idea, cicero],
|           [tom_catiline_idea, catiline]]]])?

*** Yes
--1> 

*** No
> %%%%%%%%%%%%%%%%%%%%%%%%
> %% WORDS_IDEAS_OBJECTS
> %%%%%%%%%%%%%%%%%%%%%%%%
> 
> %% Next should be TRUE
> 
> believes_words_ideas_objects( tom, now,
|         [top, [[denounced_word, tom_denounced_idea, denounced],
|          [cicero_word, tom_cicero_idea, cicero],
|          [catiline_word, tom_catiline_idea, catiline]]])?

*** Yes
--1> 

*** No
> %% Next should be TRUE
> 
> believes_words_ideas_objects( tom, now,
|         [top, [[roman_word, tom_roman_idea, roman],
|          [catiline_word, tom_catiline_idea, catiline]]])?

*** Yes
--1> 

*** No
> %% Next should be FALSE - tom believes but it is FALSE
> 
> believes_words_ideas_objects( tom, now,
|         [top, [[denounced_word, tom_denounced_idea, denounced],
|          [quine_word, tom_quine_idea, quine],
|          [catiline_word, tom_catiline_idea, catiline]]])?

*** Yes
--1> 

*** No
> %% Next should be FALSE -- not believed
> 
> believes_words_ideas_objects( tom, now,
|         [top, [[denounced_word, tom_denounced_idea, denounced],
|          [tully_word, tom_tully_idea, cicero],
|          [catiline_word, tom_catiline_idea, catiline]]])?

*** No
> 
> %% Next should be FALSE -- wrong type
> 
> believes_words_ideas_objects( tom, now,
|         [top, [[tully_word, tom_tully_idea, cicero],
|          [tully_word, tom_tully_idea, cicero],
|          [catiline_word, tom_catiline_idea, catiline]]])?

*** No
> 
> %% Next should be FALSE -- wrong type
> 
> believes_words_ideas_objects( tom, now,
|         [top, [[denounced_word, tom_denounced_idea, denounced],
|          [tully_word, tom_tully_word, cicero],
|          [denounced_word, tom_denounced_idea, denounced]]])?

*** No
> 
> %% Next should be FALSE -- wrong arity
> 
> believes_words_ideas_objects( tom, now,
|         [top, [[denounced_word, tom_denounced_idea, denounced],
|          [cicero_word, tom_cicero_idea]]])?

*** No
> 
> %% Next should be FALSE -- wrong rrrr relation for tully_word
> 
> believes_words_ideas_objects( tom, now,
|         [top, [[denounced_word, tom_denounced_idea, denounced],
|          [tully_word, tom_cicero_idea, cicero],
|          [catiline_word, tom_catiline_idea, catiline]]])?

*** No
> 
> %% Next should be FALSE -- wrong rrrr relation for cicero_word
> 
> believes_words_ideas_objects( tom, now,
|         [top, [[denounced_word, tom_denounced_idea, denounced],
|          [cicero_word, tom_tully_idea, cicero],
|          [catiline_word, tom_catiline_idea, catiline]]])?

*** No
> 
> %%%%%%%%%%%%%%
> %% now nand
> %% Next should be FALSE -- BOTH TRUE
> 
> believes_words_ideas_objects( tom, now,
|         [nand, 
|          [[denounced_word, tom_denounced_idea, denounced],
|           [cicero_word, tom_cicero_idea, cicero],
|           [catiline_word, tom_catiline_idea, catiline]],
|          [[denounced_word, tom_denounced_idea, denounced],
|           [cicero_word, tom_cicero_idea, cicero],
|           [catiline_word, tom_catiline_idea, catiline]]])?

*** No
> 
> %% Next should be TRUE - SECOND FALSE
> 
> believes_words_ideas_objects( tom, now,
|         [nand, 
|          [[denounced_word, tom_denounced_idea, denounced],
|           [cicero_word, tom_cicero_idea, cicero],
|           [catiline_word, tom_catiline_idea, catiline]],
|          [nand,
|          [[denounced_word, tom_denounced_idea],
|           [cicero_word, tom_cicero_idea],
|           [catiline_word, tom_catiline_idea]],
|          [[denounced_word, tom_denounced_idea],
|           [cicero_word, tom_cicero_idea],
|           [catiline_word, tom_catiline_idea]]]])?

*** Yes
--1> 

*** No
> 
> 
> 
> %%%%%%%%%%%%%%%%%%%%%%%%%%%%%%%%%%%%%%%%%%%%%%%%%%%%%%%%%%%%
> %%% DISBELIEF
> %%%%%%%%%%%%%%%%%%%%%%%%%%%%%%%%%%%%%%%%%%%%%%%%%%%%%%%%%%%%%%%%%%%%
> 
> %% Checks on Disbelief follow.
> 
> %%%%%%%%%%%%%%%%%%%%%%%%
> %% WORDS
> %%%%%%%%%%%%%%%%%%%%%%%%
> 
> %% Next should be TRUE -- tom does believes false - and it is FALSE
> 
> disbelieves_in_ideas4( tom, now,
|         [top, [tom_denounced_idea,
|          tom_russell_idea,
|          tom_catiline_idea]])?

*** No
> 
> %% Next should be TRUE - tom believes it is NOT TRUE and it is NOT TRUE
> 
> disbelieves_words( tom, now,
|         [top, [[denounced_word],
|          [russell_word],
|          [catiline_word]]])?

*** No
> 
> 
> %% Next should be FALSE
> 
> disbelieves_words( tom, now,
|         [top, [[denounced_word],
|          [cicero_word],
|          [catiline_word]]])?

*** No
> 
> %% Next should be FALSE
> 
> disbelieves_words( tom, now,
|         [top, [[roman_word],
|          [catiline_word]]])?

*** No
> 
> %% Next should be TRUE - tom believes it is NOT TRUE and it is NOT TRUE
> 
> disbelieves_words( tom, now,
|         [top, [[roman_word],
|          [russell_word]]])?

*** No
> 
> %% Next should be FALSE
> 
> disbelieves_words( tom, now,
|         [top, [[denounced_word],
|          [tully_word],
|          [catiline_word]]])?

*** No
> 
> %% Next should be FALSE -- wrong type
> 
> disbelieves_words( tom, now,
|         [top, [[tully_word],
|          [tully_word],
|          [catiline_word]]])?

*** No
> 
> %% Next should be FALSE -- wrong type
> 
> disbelieves_words( tom, now,
|         [top, [[denounced_word],
|          [tully_word],
|          [denounced_word]]])?

*** No
> 
> %% Next should be FALSE -- wrong arity
> 
> disbelieves_words( tom, now,
|         [top, [[denounced_word],
|          [cicero_word]]])?

*** No
> 
> %%%%%%%%%%%%%%%%%%%%%%%%
> %% IDEAS
> %%%%%%%%%%%%%%%%%%%%%%%%
> 
> %% Note here are just lists of ideas - not lists of lists
> 
> %% Next should be FALSE - tom does not believe false
> 
> disbelieves_in_ideas4( tom, now,
|         [top, [tom_denounced_idea,
|          tom_cicero_idea,
|          tom_catiline_idea]])?

*** No
> 
> %% Next should be FALSE -- tom believes FALSE - but it is not FALSE
> 
> disbelieves_in_ideas4( tom, now,
|         [top, [tom_denounced_idea,
|          tom_tully_idea,
|          tom_catiline_idea]])?

*** No
> 
> %% Next should be FALSE -- tom does believes true - and it is FALSE
> 
> disbelieves_in_ideas4( tom, now,
|         [top, [tom_denounced_idea,
|          tom_quine_idea,
|          tom_catiline_idea]])?

*** No
> 
> %% Next should be TRUE -- tom does believes false - and it is FALSE
> 
> disbelieves_in_ideas4( tom, now,
|         [top, [tom_denounced_idea,
|          tom_russell_idea,
|          tom_catiline_idea]])?

*** No
> halt?

