
*** Yes

*** Yes

*** Yes

*** Yes

*** Yes

*** Yes

*** Yes
> 
*** Yes
> Mon Sep  2 19:17:14 CDT 2019
> write_time(Ignore)?
0
*** Yes
Ignore = @.
--1> 
*** No
> 
> 
> remark(4001, Remark)?

*** Yes
Remark = 'Test Set 4 - about understanding obout understanding. Also understanding about belief'.

--1> 
*** No
> remark(4002, Remark)?

*** Yes
Remark = 'I have not checked this out thorougly - other things were prerequisites.'.

--1> 
*** No
> %%
> %% Next find all (there are a lot fewer beliefs than understandings
> %% (at least in my database)
> %%
> 
> find_all([Subject, Time, 1, 1,
|    	  [[Relation_Word, Relation_Idea, Relation],
|    	  [A_Word, A_Idea, A_Object]]],
|    	 believes_word_idea_object_A(Subject, Time, 1, 1,
|    				      [[Relation_Word, Relation_Idea, Relation],
|    				      [A_Word, A_Idea, A_Object]]), L)?

*** Yes
A_Idea = @, 
A_Object = @, 
A_Word = @, 
L = [[tom,
      now,
      1,
      1,
      [[human_word,tom_human_idea,human],[tully_word,tom_tully_idea,cicero]]]], 
Relation = @, 
Relation_Idea = @, 
Relation_Word = @, 
Subject = @, 
Time = @.

--1> 

*** No
> ;
> ;
> ;
> ;
> ;
> ;
> ;
> ;
> ;
> ;
> ;
> ;
> ;
> ;
> ;
> ;
> ;
> ;
> ;
> ;
> ;
> ;
> ;
> 
> find_all([Subject, Time, 1, 2,
|    	  [[Relation_Word, Relation_Idea, Relation],
|    	  [A_Word, A_Idea, A_Object],
|    	  [B_Word, B_Idea, B_Object]]],
|    	 believes_word_idea_object_A(Subject, Time, 1, 2,
|    				      [[Relation_Word, Relation_Idea, Relation],
|    				      [A_Word, A_Idea, A_Object],
|    				      [B_Word, B_Idea, B_Object]]), L)?

*** Yes
A_Idea = @, 
A_Object = @, 
A_Word = @, 
B_Idea = @, 
B_Object = @, 
B_Word = @, 
L = [[tom,
      now,
      1,
      2,
      [[denounced_word,tom_denounced_idea,denounced],
       [cicero_word,tom_cicero_idea,cicero],
       [catiline_word,tom_catiline_idea,catiline]]],
     [quine,
      now,
      1,
      2,
      [[denounced_word,quine_denounced_idea,denounced],
       [cicero_word,quine_cicero_idea,cicero],
       [catiline_word,quine_catiline_idea,catiline]]],
     [quine,
      now,
      1,
      2,
      [[denounced_word,quine_denounced_idea,denounced],
       [cicero_word,quine_tully_idea,cicero],
       [catiline_word,quine_catiline_idea,catiline]]],
     [quine,
      now,
      1,
      2,
      [[denounced_word,quine_denounced_idea,denounced],
       [tully_word,quine_cicero_idea,cicero],
       [catiline_word,quine_catiline_idea,catiline]]],
     [quine,
      now,
      1,
      2,
      [[denounced_word,quine_denounced_idea,denounced],
       [tully_word,quine_tully_idea,cicero],
       [catiline_word,quine_catiline_idea,catiline]]],
     [tom,
      now,
      1,
      2,
      [[denounced_word,tom_denounced_idea,denounced],
       [cicero_word,tom_cicero_idea,cicero],
       [catiline_word,tom_catiline_idea,catiline]]]], 
Relation = @, 
Relation_Idea = @, 
Relation_Word = @, 
Subject = @, 
Time = @.

--1> 

*** No
> ;
> ;
> ;
> ;
> ;
> ;
> ;
> ;
> ;
> ;
> ;
> ;
> ;
> ;
> ;
> ;
> ;
> ;
> ;
> ;
> ;
> ;
> ;
> 
> 
> 
> 
> 
> 
> %%%%%%%%%%%%%%%%%%%%%%%%%%%%%%%%%%%%%%%%%%%%%%%%%%%%%%%%%%%%%%%%%%%%%
> 
> find_all([Subject, Time, 1, 1,
|    	  [[Relation_Word, Relation_Idea],
|    	   [A_Word, A_Idea]]],
|    	 believes_word_idea_A(Subject, Time,  Type, Arity,
|    			    [[Relation_Word, Relation_Idea],
|    			     [A_Word, A_Idea]]), L)?

*** Yes
A_Idea = @, 
A_Word = @, 
Arity = @, 
L = [[tom,now,1,1,[[human_word,tom_human_idea],[tully_word,tom_tully_idea]]]], 
Relation_Idea = @, 
Relation_Word = @, 
Subject = @, 
Time = @, 
Type = @.

--1> 

*** No
> ;
> ;
> ;
> ;
> ;
> ;
> ;
> ;
> ;
> ;
> ;
> ;
> ;
> ;
> ;
> ;
> ;
> ;
> ;
> ;
> 
> find_all([Subject, Time, 1, 2,
|    	  [[Relation_Word, Relation_Idea],
|    	   [A_Word, A_Idea],
|    	   [B_Word, B_Idea]]],
|    	 believes_word_idea_A(Subject, Time,  Type, Arity,
|    			    [[Relation_Word, Relation_Idea],
|    			     [A_Word, A_Idea],
|    			     [B_Word, B_Idea]]), L)?

*** Yes
A_Idea = @, 
A_Word = @, 
Arity = @, 
B_Idea = @, 
B_Word = @, 
L = [[tom,
      now,
      1,
      2,
      [[denounced_word,tom_denounced_idea],
       [cicero_word,tom_cicero_idea],
       [catiline_word,tom_catiline_idea]]],
     [quine,
      now,
      1,
      2,
      [[denounced_word,quine_denounced_idea],
       [cicero_word,quine_cicero_idea],
       [catiline_word,quine_catiline_idea]]],
     [quine,
      now,
      1,
      2,
      [[denounced_word,quine_denounced_idea],
       [cicero_word,quine_tully_idea],
       [catiline_word,quine_catiline_idea]]],
     [quine,
      now,
      1,
      2,
      [[denounced_word,quine_denounced_idea],
       [tully_word,quine_cicero_idea],
       [catiline_word,quine_catiline_idea]]],
     [quine,
      now,
      1,
      2,
      [[denounced_word,quine_denounced_idea],
       [tully_word,quine_tully_idea],
       [catiline_word,quine_catiline_idea]]],
     [tom,
      now,
      1,
      2,
      [[denounced_word,tom_denounced_idea],
       [cicero_word,tom_cicero_idea],
       [catiline_word,tom_catiline_idea]]]], 
Relation_Idea = @, 
Relation_Word = @, 
Subject = @, 
Time = @, 
Type = @.

--1> 

*** No
> ;
> ;
> ;
> ;
> ;
> ;
> ;
> ;
> ;
> ;
> ;
> ;
> ;
> ;
> ;
> ;
> ;
> ;
> ;
> ;
> 
> 
> %%%%%%%%%%%%%%%%%%%%%%%%%%%%%%%%%%%%%%%%%%%%%%%%%%%%%%%%%%%%%%%%%%%%%
> 
> find_all([Subject, Time,  1, 1,
|    	  [[Relation_Idea, Relation],
|    	  [A_Idea, A_Object]]],
|    	 believes_idea_object_A(Subject, Time,  1, 1,
|    			      [[Relation_Idea, Relation],
|    			      [A_Idea, A_Object]]), L)?

*** Yes
A_Idea = @, 
A_Object = @, 
L = [[tom,now,1,1,[[tom_human_idea,human],[tom_tully_idea,cicero]]]], 
Relation = @, 
Relation_Idea = @, 
Subject = @, 
Time = @.

--1> 

*** No
> ;
> ;
> ;
> ;
> ;
> ;
> ;
> ;
> ;
> ;
> ;
> ;
> ;
> ;
> ;
> ;
> ;
> ;
> ;
> ;
> 
> find_all([Subject, Time,  1, 2,
|    	  [[Relation_Idea, Relation],
|    	  [A_Idea, A_Object],
|    	  [B_Idea, B_Object]]],
|    	 believes_idea_object_A(Subject, Time,  Type, Arity,
|    			      [[Relation_Idea, Relation],
|    			      [A_Idea, A_Object],
|    			      [A_Idea, A_Object]]), L)?

*** Yes
A_Idea = @, 
A_Object = @, 
Arity = @, 
B_Idea = @, 
B_Object = @, 
L = [], 
Relation = @, 
Relation_Idea = @, 
Subject = @, 
Time = @, 
Type = @.

--1> 

*** No
> ;
> ;
> ;
> ;
> ;
> ;
> ;
> ;
> ;
> ;
> ;
> ;
> ;
> ;
> ;
> ;
> ;
> ;
> ;
> ;
> 
> %%%%%%%%%%%%%%%%%%%%%%%%%%%%%%%%%%%%%%%%%%%%%%%%%%%%%%%%%%%%%%%%%%%%%%%%
> 
> find_all([Subject, Time,  1, 1,
|    	  [[Relation],
|    	  [A_Object]]],
|    	 believes_object_A(Subject, Time, 1, 1,
|    			 [[Relation],
|    			 [A_Object]]), L)?

*** Yes
A_Object = @, 
L = [[tom,now,1,1,[[human],[cicero]]]], 
Relation = @, 
Subject = @, 
Time = @.

--1> 

*** No
> ;
> ;
> ;
> ;
> ;
> ;
> ;
> ;
> ;
> ;
> ;
> ;
> ;
> ;
> ;
> ;
> ;
> ;
> ;
> ;
> 
> find_all([Subject, Time,  1, 2,
|    	  [[Relation],
|    	  [A_Object],
|    	  [B_Object]]],
|    	 believes_object_A(Subject, Time, 1, 2,
|    			 [[Relation],
|    			 [A_Object],
|    			 [B_Object]]), L)?

*** Yes
A_Object = @, 
B_Object = @, 
L = [[tom,now,1,2,[[denounced],[cicero],[catiline]]],
     [tom,now,1,2,[[denounced],[cicero],[catiline]]],
     [quine,now,1,2,[[denounced],[cicero],[catiline]]],
     [quine,now,1,2,[[denounced],[cicero],[catiline]]]], 
Relation = @, 
Subject = @, 
Time = @.

--1> 

*** No
> ;
> ;
> ;
> ;
> ;
> ;
> ;
> ;
> ;
> ;
> ;
> ;
> ;
> ;
> ;
> ;
> ;
> ;
> ;
> ;
> 
> %%%%%%%%%%%%%%%%%%%%%%%%%%%%%%%%%%%%%%%%%%%%%%%%%%%%%%%%%%%%%%%%%%%%%%%%%%%%%%
> 
> write_stats(Ignore)?
I am not sure of units here
Clock Time 1.56747 Seconds
CPU Time 16.6667 Milliseconds

*** Yes
Ignore = @.
--1> 
*** No
>  
> 
> halt?

