Ported to Linux and Cygwin December 2022 after many efforts since 1995
By Dennis J. Darland dennis.darland@hotmail.com

*** Yes

*** Yes

*** Yes

*** Yes

*** Yes

*** Yes

*** Yes
> > > > > > > > > > > > > > > > > > 
*** Yes
> 
> AAA = [1,2,3]?

*** Yes
AAA = [1,2,3].
--1> BBB = [4,5,6]?

*** Yes
AAA = [1,2,3], BBB = [4,5,6].
----2> AAA = list?

*** Yes
AAA = [1,2,3], BBB = [4,5,6].
------3> AAA = int_list?

*** No
AAA = [1,2,3], BBB = [4,5,6].
------3> 

*** No
AAA = [1,2,3], BBB = [4,5,6].
----2> CCC = int_list?

*** Yes
AAA = [1,2,3], BBB = [4,5,6], CCC = int_list.
------3> 

*** No
AAA = [1,2,3], BBB = [4,5,6].
----2> 

*** No
AAA = [1,2,3].
--1> A = [1, 2, 3, 4]?

*** Yes
A = [1,2,3,4], AAA = [1,2,3].
----2> B = [5, 6, 7, 8]?

*** Yes
A = [1,2,3,4], AAA = [1,2,3], B = [5,6,7,8].
------3> A2 = [1, 2, 3]?

*** Yes
A = [1,2,3,4], A2 = [1,2,3], AAA = [1,2,3], B = [5,6,7,8].
--------4> B2 = [5, 6, 7]?

*** Yes
A = [1,2,3,4], A2 = [1,2,3], AAA = [1,2,3], B = [5,6,7,8], B2 = [5,6,7].
----------5> C = sum(A, B)?

*** Yes
A = [1,2,3,4], 
A2 = [1,2,3], 
AAA = [1,2,3], 
B = [5,6,7,8], 
B2 = [5,6,7], 
C = [6,8,10,12].

------------6> D = dot(A2, B2)?

*** Yes
A = [1,2,3,4], 
A2 = [1,2,3], 
AAA = [1,2,3], 
B = [5,6,7,8], 
B2 = [5,6,7], 
C = [6,8,10,12], 
D = 38.

--------------7> E = cross(A2, B2)?

*** Yes
A = [1,2,3,4], 
A2 = [1,2,3], 
AAA = [1,2,3], 
B = [5,6,7,8], 
B2 = [5,6,7], 
C = [6,8,10,12], 
D = 38, 
E = [-4,8,-4].

----------------8> F = cross(B2, A2)?

*** Yes
A = [1,2,3,4], 
A2 = [1,2,3], 
AAA = [1,2,3], 
B = [5,6,7,8], 
B2 = [5,6,7], 
C = [6,8,10,12], 
D = 38, 
E = [-4,8,-4], 
F = [4,-8,4].

------------------9> G = [A2, B2]?

*** Yes
A = [1,2,3,4], 
A2 = [1,2,3], 
AAA = [1,2,3], 
B = [5,6,7,8], 
B2 = [5,6,7], 
C = [6,8,10,12], 
D = 38, 
E = [-4,8,-4], 
F = [4,-8,4], 
G = [A2,B2].

--------------------10> F = real_list?

*** Yes
A = [1,2,3,4], 
A2 = [1,2,3], 
AAA = [1,2,3], 
B = [5,6,7,8], 
B2 = [5,6,7], 
C = [6,8,10,12], 
D = 38, 
E = [-4,8,-4], 
F = real_cons(4,real_cons(-8,real_cons(4,real_nil))), 
G = [A2,B2].

----------------------11> % G = vector_list?
----------------------11> 
----------------------11> % [[1.0, 2.0], [3.0, 4.0]] = vector_list?
----------------------11> 
----------------------11> % E1 = particle(mass => MM:real,
----------------------11> %	      charge => QQ:real,
----------------------11> %	      location => LOC:vector,
----------------------11> %	      velocity => VEL:vector,
----------------------11> %	      acceleration => ACC: vector,
----------------------11> %	      e_field => EE: 
----------------------11> % )?
----------------------11> 
----------------------11> E1 = particle(mass => 2.5, charge => 4.8)?

*** Yes
A = [1,2,3,4], 
A2 = [1,2,3], 
AAA = [1,2,3], 
B = [5,6,7,8], 
B2 = [5,6,7], 
C = [6,8,10,12], 
D = 38, 
E = [-4,8,-4], 
E1 = particle(charge => 4.8,mass => 2.5), 
F = real_cons(4,real_cons(-8,real_cons(4,real_nil))), 
G = [A2,B2].

------------------------12> 

*** No
A = [1,2,3,4], 
A2 = [1,2,3], 
AAA = [1,2,3], 
B = [5,6,7,8], 
B2 = [5,6,7], 
C = [6,8,10,12], 
D = 38, 
E = [-4,8,-4], 
F = real_cons(4,real_cons(-8,real_cons(4,real_nil))), 
G = [A2,B2].

----------------------11> 

*** No
A = [1,2,3,4], 
A2 = [1,2,3], 
AAA = [1,2,3], 
B = [5,6,7,8], 
B2 = [5,6,7], 
C = [6,8,10,12], 
D = 38, 
E = [-4,8,-4], 
F = [4,-8,4], 
G = [A2,B2].

--------------------10> 

*** No
A = [1,2,3,4], 
A2 = [1,2,3], 
AAA = [1,2,3], 
B = [5,6,7,8], 
B2 = [5,6,7], 
C = [6,8,10,12], 
D = 38, 
E = [-4,8,-4], 
F = [4,-8,4].

------------------9> write_stats(Ignore)?
Stats Skipped for Test Suite

*** Yes
A = [1,2,3,4], 
A2 = [1,2,3], 
AAA = [1,2,3], 
B = [5,6,7,8], 
B2 = [5,6,7], 
C = [6,8,10,12], 
D = 38, 
E = [-4,8,-4], 
F = [4,-8,4], 
Ignore = @.

--------------------10> 

*** No
A = [1,2,3,4], 
A2 = [1,2,3], 
AAA = [1,2,3], 
B = [5,6,7,8], 
B2 = [5,6,7], 
C = [6,8,10,12], 
D = 38, 
E = [-4,8,-4], 
F = [4,-8,4].

------------------9> halt?

