*** Error: 'true_internal_proposition(pos_pos,0,@,@,@,@,@)' is not a predicate or a function.

*** Abort

*** END Abort*** Error: 'true_internal_proposition(pos_pos,0,@,@,@,@,@)' is not a predicate or a function.

*** Abort

*** END Abort*** Error: 'true_internal_proposition(pos_pos,1,@,@,@,@,@)' is not a predicate or a function.

*** Abort

*** END Abort*** Error: 'true_internal_proposition(pos_pos,2,@,@,@,@,@)' is not a predicate or a function.

*** Abort

*** END Abort*** Error: 'true_internal_proposition(pos_pos,3,@,@,@,@,@)' is not a predicate or a function.

*** Abort

*** END Abort*** Error: 'true_internal_proposition(pos_neg,0,@,@,@,@,@)' is not a predicate or a function.

*** Abort

*** END Abort*** Error: 'true_internal_proposition(pos_neg,0,@,@,@,@,@)' is not a predicate or a function.

*** Abort

*** END Abort*** Error: 'true_internal_proposition(pos_neg,1,@,@,@,@,@)' is not a predicate or a function.

*** Abort

*** END Abort*** Error: 'true_internal_proposition(pos_neg,2,@,@,@,@,@)' is not a predicate or a function.

*** Abort

*** END Abort*** Error: 'true_internal_proposition(pos_neg,3,@,@,@,@,@)' is not a predicate or a function.

*** Abort

*** END Abort*** Error: 'true_external_proposition(pos_pos,0,@,@,@,@,@)' is not a predicate or a function.

*** Abort

*** END Abort*** Error: 'true_external_proposition(pos_pos,1,@,@,@,@,@)' is not a predicate or a function.

*** Abort

*** END Abort*** Error: 'true_external_proposition(pos_pos,2,@,@,@,@,@)' is not a predicate or a function.

*** Abort

*** END Abort*** Error: 'true_external_proposition(pos_pos,3,@,@,@,@,@)' is not a predicate or a function.

*** Abort

*** END Abort*** Error: 'true_external_proposition(pos_neg,0,@,@,@,@,@)' is not a predicate or a function.

*** Abort

*** END Abort*** Error: 'true_external_proposition(pos_neg,1,@,@,@,@,@)' is not a predicate or a function.

*** Abort

*** END Abort*** Error: 'true_external_proposition(pos_neg,2,@,@,@,@,@)' is not a predicate or a function.

*** Abort

*** END Abort*** Error: 'true_external_proposition(pos_neg,3,@,@,@,@,@)' is not a predicate or a function.

*** Abort

*** END Abort*** Error: 'true_internal_belief(@,@,pos_pos,0,@,@,@,@,@)' is not a predicate or a function.

*** Abort

*** END Abort*** Error: 'true_internal_belief(@,@,pos_pos,1,@,@,@,@,@)' is not a predicate or a function.

*** Abort

*** END Abort*** Error: 'true_internal_belief(@,@,pos_pos,2,@,@,@,@,@)' is not a predicate or a function.

*** Abort

*** END Abort*** Error: 'true_internal_belief(@,@,pos_pos,3,@,@,@,@,@)' is not a predicate or a function.

*** Abort

*** END Abort*** Error: 'true_internal_belief(@,@,pos_neg,0,@,@,@,@,@)' is not a predicate or a function.

*** Abort

*** END Abort*** Error: 'true_internal_belief(@,@,pos_neg,1,@,@,@,@,@)' is not a predicate or a function.

*** Abort

*** END Abort*** Error: 'true_internal_belief(@,@,pos_neg,2,@,@,@,@,@)' is not a predicate or a function.

*** Abort

*** END Abort*** Error: 'true_internal_belief(@,@,pos_neg,3,@,@,@,@,@)' is not a predicate or a function.

*** Abort

*** END Abort*** Error: 'true_external_belief(@,@,pos_pos,0,@,@,@,@,@)' is not a predicate or a function.

*** Abort

*** END Abort*** Error: 'true_external_belief(@,@,pos_pos,1,@,@,@,@,@)' is not a predicate or a function.

*** Abort

*** END Abort*** Error: 'true_external_belief(@,@,pos_pos,2,@,@,@,@,@)' is not a predicate or a function.

*** Abort

*** END Abort*** Error: 'true_external_belief(@,@,pos_pos,3,@,@,@,@,@)' is not a predicate or a function.

*** Abort

*** END Abort*** Error: 'true_external_belief(@,@,pos_neg,0,@,@,@,@,@)' is not a predicate or a function.

*** Abort

*** END Abort*** Error: 'true_external_belief(@,@,pos_neg,1,@,@,@,@,@)' is not a predicate or a function.

*** Abort

*** END Abort*** Error: 'true_external_belief(@,@,pos_neg,2,@,@,@,@,@)' is not a predicate or a function.

*** Abort

*** END Abort*** Error: 'true_external_belief(@,@,pos_neg,3,@,@,@,@,@)' is not a predicate or a function.

*** Abort

*** END Abort