*** Error: 'qqqq4([denounced,cicero,catiline])' is not a predicate or a function.

*** Abort

*** END Abort*** Error: 'qqqq4([roman,catiline])' is not a predicate or a function.

*** Abort

*** END Abort*** Error: 'qqqq4([denounced,quine,catiline])' is not a predicate or a function.

*** Abort

*** END Abort*** Error: 'qqqq4([denounced,cicero,catiline])' is not a predicate or a function.

*** Abort

*** END Abort*** Error: 'qqqq4([denounced,cicero,catiline])' is not a predicate or a function.

*** Abort

*** END Abort*** Error: 'qqqq4([denounced,cicero,catiline])' is not a predicate or a function.

*** Abort

*** END Abort*** Error: 'qqqq4([denounced,cicero,catiline])' is not a predicate or a function.

*** Abort

*** END Abort*** Error: 'qqqq4([roman,catiline])' is not a predicate or a function.

*** Abort

*** END Abort*** Error: 'qqqq4([denounced,quine,catiline])' is not a predicate or a function.

*** Abort

*** END Abort*** Error: 'qqqq4([denounced,cicero,catiline])' is not a predicate or a function.

*** Abort

*** END Abort*** Error: 'qqqq4([denounced,cicero,catiline])' is not a predicate or a function.

*** Abort

*** END Abort*** Error: 'qqqq4([denounced,cicero,catiline])' is not a predicate or a function.

*** Abort

*** END Abort*** Error: 'qqqq4([roman,catiline])' is not a predicate or a function.

*** Abort

*** END Abort*** Error: 'qqqq4([denounced,quine,catiline])' is not a predicate or a function.

*** Abort

*** END Abort*** Error: 'qqqq4([denounced,cicero,catiline])' is not a predicate or a function.

*** Abort

*** END Abort*** Error: 'qqqq4([denounced,cicero,catiline])' is not a predicate or a function.

*** Abort

*** END Abort*** Error: 'qqqq4([roman,catiline])' is not a predicate or a function.

*** Abort

*** END Abort*** Error: 'qqqq4([denounced,quine,catiline])' is not a predicate or a function.

*** Abort

*** END Abort*** Error: 'qqqq4([denounced,cicero,catiline])' is not a predicate or a function.

*** Abort

*** END Abort*** Error: 'qqqq4([denounced,cicero,catiline])' is not a predicate or a function.

*** Abort

*** END Abort*** Error: 'qqqq4([denounced,cicero,catiline])' is not a predicate or a function.

*** Abort

*** END Abort*** Error: 'qqqq4([roman,catiline])' is not a predicate or a function.

*** Abort

*** END Abort*** Error: 'qqqq4([denounced,quine,catiline])' is not a predicate or a function.

*** Abort

*** END Abort*** Error: 'qqqq4([denounced,cicero,catiline])' is not a predicate or a function.

*** Abort

*** END Abort*** Error: 'qqqq4([denounced,cicero,catiline])' is not a predicate or a function.

*** Abort

*** END Abort*** Error: 'qqqq4([denounced,cicero,catiline])' is not a predicate or a function.

*** Abort

*** END Abort*** Error: 'qqqq4([roman,catiline])' is not a predicate or a function.

*** Abort

*** END Abort*** Error: 'qqqq4([denounced,quine,catiline])' is not a predicate or a function.

*** Abort

*** END Abort*** Error: 'qqqq4([denounced,cicero,catiline])' is not a predicate or a function.

*** Abort

*** END Abort*** Error: 'qqqq4([roman,catiline])' is not a predicate or a function.

*** Abort

*** END Abort*** Error: 'qqqq4([denounced,quine,catiline])' is not a predicate or a function.

*** Abort

*** END Abort*** Error: 'qqqq4([denounced,cicero,catiline])' is not a predicate or a function.

*** Abort

*** END Abort*** Error: 'qqqq4([denounced,cicero,catiline])' is not a predicate or a function.

*** Abort

*** END Abort*** Error: 'qqqq5([denounced,russell,catiline])' is not a predicate or a function.

*** Abort

*** END Abort*** Error: 'qqqq5([denounced,russell,catiline])' is not a predicate or a function.

*** Abort

*** END Abort*** Error: 'qqqq5([roman,russell])' is not a predicate or a function.

*** Abort

*** END Abort*** Error: 'qqqq5([denounced,cicero,catiline])' is not a predicate or a function.

*** Abort

*** END Abort*** Error: 'qqqq5([denounced,cicero,catiline])' is not a predicate or a function.

*** Abort

*** END Abort*** Error: 'qqqq5([denounced,russell,catiline])' is not a predicate or a function.

*** Abort

*** END Abort*** Error: 'qqqq5([roman,russell])' is not a predicate or a function.

*** Abort

*** END Abort