
*** Yes

*** Yes

*** Yes

*** Yes

*** Yes

*** Yes

*** Yes

*** Yes
Sun 28 Feb 2021 03:34:13 PM CST

*** Yes
> > > > > > > > > > > > > > > > > > > > > > > > > > > > > > > > > > > > > > > > > > > > > > > > > > > > > > > 
*** Yes
> 
> write_time(Ignore)?
0
*** Yes
Ignore = @.
--1> 

*** No
> %% I indicate for each query whether the immediate response should be
> %% TRUE = Yes or FALSE = No
> 
> %% There may be subsequient No responses - as I may have asked for additional answers with semicolons.
> 
> %% There are 7 relations of both understanding and belief.
> %% Those of understanding are defined in terms of rrrr and ssss
> %% Those of belief require also a belief_in_ideas relation.
> 
> %% The 7 cases are:
> 
> %% words
> %% ideas
> %% objects
> 
> %% words_ideas
> %% words_objects
> %% ideas_objects
> 
> %% words_ideas_objects
> 
> test_understanding_agrees(tom, quine, now, now,
|    			       [[denounced_word, denounced],
|    				[cicero_word, cicero],
|    				[catiline_word, catiline]])?
tom understands [[denounced_word,denounced],[cicero_word,cicero],[catiline_word,catiline]] at time now but quine does not  at time now
*** Yes
> 	
> 
> test_understanding_agrees(tom, quine, now, now,
|    			       [[denounced_word, denounced],
|    				[tully_word, cicero],
|    				[catiline_word, catiline]])?
tom understands [[denounced_word,denounced],[tully_word,cicero],[catiline_word,catiline]] at time now but quine does not  at time now
*** Yes
> 	
> test_understanding_agrees(tom, quine, now, now,
|    			       [[denounced_word, denounced],
|    				[tully_word, tully],
|    				[catiline_word, catiline]])?
Neither tom nor quine understand [[denounced_word,denounced],[tully_word,tully],[catiline_word,catiline]] at times now and now respectively.
*** Yes
> 
> write_stats(Ignore)?
I am not sure of units here
Clock Time 1.61455 Seconds
CPU Time 0 Milliseconds

*** Yes
Ignore = @.
--1> 

*** No
> halt?

